<?xml version="1.0" encoding="utf-8"?>
<test-run id="2" testcasecount="8" result="Passed" total="8" passed="8" failed="0" inconclusive="0" skipped="0" asserts="0" engine-version="3.5.0.0" clr-version="4.0.30319.42000" start-time="2026-09-09 07:19:59Z" end-time="2026-09-09 07:19:59Z" duration="0.2664661">
  <test-suite type="TestSuite" id="1000" name="Gravity Box" fullname="Gravity Box" runstate="Runnable" testcasecount="8" result="Passed" start-time="2026-09-09 07:19:59Z" end-time="2026-09-09 07:19:59Z" duration="0.266466" total="8" passed="8" failed="0" inconclusive="0" skipped="0" asserts="0">
    <properties>
      <property name="platform" value="EditMode" />
    </properties>
    <test-suite type="Assembly" id="1010" name="GravityBox.Tests.EditMode.dll" fullname="/Users/mrk/GravityBox/Library/ScriptAssemblies/GravityBox.Tests.EditMode.dll" runstate="Runnable" testcasecount="8" result="Passed" start-time="2026-09-09 07:19:59Z" end-time="2026-09-09 07:19:59Z" duration="0.258192" total="8" passed="8" failed="0" inconclusive="0" skipped="0" asserts="0">
      <properties>
        <property name="_PID" value="23184" />
        <property name="_APPDOMAIN" value="Unity Child Domain" />
        <property name="platform" value="EditMode" />
        <property name="EditorOnly" value="True" />
      </properties>
      <test-suite type="TestSuite" id="1011" name="GravityBox" fullname="GravityBox" runstate="Runnable" testcasecount="8" result="Passed" start-time="2026-09-09 07:19:59Z" end-time="2026-09-09 07:19:59Z" duration="0.257149" total="8" passed="8" failed="0" inconclusive="0" skipped="0" asserts="0">
        <properties />
        <test-suite type="TestSuite" id="1012" name="Tests" fullname="GravityBox.Tests" runstate="Runnable" testcasecount="8" result="Passed" start-time="2026-09-09 07:19:59Z" end-time="2026-09-09 07:19:59Z" duration="0.256635" total="8" passed="8" failed="0" inconclusive="0" skipped="0" asserts="0">
          <properties />
          <test-suite type="TestFixture" id="1001" name="DesignContractTests" fullname="GravityBox.Tests.DesignContractTests" classname="GravityBox.Tests.DesignContractTests" runstate="Runnable" testcasecount="8" result="Passed" start-time="2026-09-09 07:19:59Z" end-time="2026-09-09 07:19:59Z" duration="0.255376" total="8" passed="8" failed="0" inconclusive="0" skipped="0" asserts="0">
            <properties />
            <test-case id="1008" name="Catalog_ContainsTwentyThreeDistinctExperimentsWithSharedSteelPhysics" fullname="GravityBox.Tests.DesignContractTests.Catalog_ContainsTwentyThreeDistinctExperimentsWithSharedSteelPhysics" methodname="Catalog_ContainsTwentyThreeDistinctExperimentsWithSharedSteelPhysics" classname="GravityBox.Tests.DesignContractTests" runstate="Runnable" seed="731856384" result="Passed" start-time="2026-09-09 07:19:59Z" end-time="2026-09-09 07:19:59Z" duration="0.227308" asserts="0">
              <properties>
                <property name="retryIteration" value="0" />
                <property name="repeatIteration" value="0" />
              </properties>
            </test-case>
            <test-case id="1004" name="PausedSession_RejectsCompletionAndFailure" fullname="GravityBox.Tests.DesignContractTests.PausedSession_RejectsCompletionAndFailure" methodname="PausedSession_RejectsCompletionAndFailure" classname="GravityBox.Tests.DesignContractTests" runstate="Runnable" seed="533839552" result="Passed" start-time="2026-09-09 07:19:59Z" end-time="2026-09-09 07:19:59Z" duration="0.001202" asserts="0">
              <properties>
                <property name="retryIteration" value="0" />
                <property name="repeatIteration" value="0" />
              </properties>
            </test-case>
            <test-case id="1005" name="Profiles_ResolveWorldAcceleration" fullname="GravityBox.Tests.DesignContractTests.Profiles_ResolveWorldAcceleration" methodname="Profiles_ResolveWorldAcceleration" classname="GravityBox.Tests.DesignContractTests" runstate="Runnable" seed="1104167988" result="Passed" start-time="2026-09-09 07:19:59Z" end-time="2026-09-09 07:19:59Z" duration="0.001991" asserts="0">
              <properties>
                <property name="retryIteration" value="0" />
                <property name="repeatIteration" value="0" />
              </properties>
            </test-case>
            <test-case id="1002" name="Registry_DeduplicatesAndCapturesOnlyOnce" fullname="GravityBox.Tests.DesignContractTests.Registry_DeduplicatesAndCapturesOnlyOnce" methodname="Registry_DeduplicatesAndCapturesOnlyOnce" classname="GravityBox.Tests.DesignContractTests" runstate="Runnable" seed="601829384" result="Passed" start-time="2026-09-09 07:19:59Z" end-time="2026-09-09 07:19:59Z" duration="0.000890" asserts="0">
              <properties>
                <property name="retryIteration" value="0" />
                <property name="repeatIteration" value="0" />
              </properties>
            </test-case>
            <test-case id="1009" name="SharedBall_HasTabletopSteelSphereDimensionsAndDensity" fullname="GravityBox.Tests.DesignContractTests.SharedBall_HasTabletopSteelSphereDimensionsAndDensity" methodname="SharedBall_HasTabletopSteelSphereDimensionsAndDensity" classname="GravityBox.Tests.DesignContractTests" runstate="Runnable" seed="2086880971" result="Passed" start-time="2026-09-09 07:19:59Z" end-time="2026-09-09 07:19:59Z" duration="0.000705" asserts="0">
              <properties>
                <property name="retryIteration" value="0" />
                <property name="repeatIteration" value="0" />
              </properties>
            </test-case>
            <test-case id="1007" name="SignalBus_IsScopedToEachLevel" fullname="GravityBox.Tests.DesignContractTests.SignalBus_IsScopedToEachLevel" methodname="SignalBus_IsScopedToEachLevel" classname="GravityBox.Tests.DesignContractTests" runstate="Runnable" seed="57502768" result="Passed" start-time="2026-09-09 07:19:59Z" end-time="2026-09-09 07:19:59Z" duration="0.001615" asserts="0">
              <properties>
                <property name="retryIteration" value="0" />
                <property name="repeatIteration" value="0" />
              </properties>
            </test-case>
            <test-case id="1006" name="Snapping_UsesAll24DistinctCubeOrientations" fullname="GravityBox.Tests.DesignContractTests.Snapping_UsesAll24DistinctCubeOrientations" methodname="Snapping_UsesAll24DistinctCubeOrientations" classname="GravityBox.Tests.DesignContractTests" runstate="Runnable" seed="1195916913" result="Passed" start-time="2026-09-09 07:19:59Z" end-time="2026-09-09 07:19:59Z" duration="0.003517" asserts="0">
              <properties>
                <property name="retryIteration" value="0" />
                <property name="repeatIteration" value="0" />
              </properties>
            </test-case>
            <test-case id="1003" name="TerminalState_FiresExactlyOnceUntilReset" fullname="GravityBox.Tests.DesignContractTests.TerminalState_FiresExactlyOnceUntilReset" methodname="TerminalState_FiresExactlyOnceUntilReset" classname="GravityBox.Tests.DesignContractTests" runstate="Runnable" seed="1710072127" result="Passed" start-time="2026-09-09 07:19:59Z" end-time="2026-09-09 07:19:59Z" duration="0.000478" asserts="0">
              <properties>
                <property name="retryIteration" value="0" />
                <property name="repeatIteration" value="0" />
              </properties>
              <output><![CDATA[Saving results to: /Users/mrk/Library/Application Support/Gravity Box Lab/Gravity Box/TestResults.xml
]]></output>
            </test-case>
          </test-suite>
        </test-suite>
      </test-suite>
    </test-suite>
  </test-suite>
</test-run>