<?xml version="1.0" encoding="utf-8"?>
<test-run id="2" testcasecount="11" result="Passed" total="11" passed="11" failed="0" inconclusive="0" skipped="0" asserts="0" engine-version="3.5.0.0" clr-version="4.0.30319.42000" start-time="2026-09-09 12:23:56Z" end-time="2026-09-09 12:23:56Z" duration="0.1440558">
  <test-suite type="TestSuite" id="1000" name="Gravity Box" fullname="Gravity Box" runstate="Runnable" testcasecount="11" result="Passed" start-time="2026-09-09 12:23:56Z" end-time="2026-09-09 12:23:56Z" duration="0.144056" total="11" passed="11" failed="0" inconclusive="0" skipped="0" asserts="0">
    <properties>
      <property name="platform" value="EditMode" />
    </properties>
    <test-suite type="Assembly" id="1014" name="GravityBox.Tests.EditMode.dll" fullname="/Users/mrk/GravityBox/Library/ScriptAssemblies/GravityBox.Tests.EditMode.dll" runstate="Runnable" testcasecount="11" result="Passed" start-time="2026-09-09 12:23:56Z" end-time="2026-09-09 12:23:56Z" duration="0.139300" total="11" passed="11" failed="0" inconclusive="0" skipped="0" asserts="0">
      <properties>
        <property name="_PID" value="55905" />
        <property name="_APPDOMAIN" value="Unity Child Domain" />
        <property name="platform" value="EditMode" />
        <property name="EditorOnly" value="True" />
      </properties>
      <test-suite type="TestSuite" id="1015" name="GravityBox" fullname="GravityBox" runstate="Runnable" testcasecount="11" result="Passed" start-time="2026-09-09 12:23:56Z" end-time="2026-09-09 12:23:56Z" duration="0.139123" total="11" passed="11" failed="0" inconclusive="0" skipped="0" asserts="0">
        <properties />
        <test-suite type="TestSuite" id="1016" name="Tests" fullname="GravityBox.Tests" runstate="Runnable" testcasecount="11" result="Passed" start-time="2026-09-09 12:23:56Z" end-time="2026-09-09 12:23:56Z" duration="0.139024" total="11" passed="11" failed="0" inconclusive="0" skipped="0" asserts="0">
          <properties />
          <test-suite type="TestFixture" id="1001" name="CampaignProgressTests" fullname="GravityBox.Tests.CampaignProgressTests" classname="GravityBox.Tests.CampaignProgressTests" runstate="Runnable" testcasecount="3" result="Passed" start-time="2026-09-09 12:23:56Z" end-time="2026-09-09 12:23:56Z" duration="0.019952" total="3" passed="3" failed="0" inconclusive="0" skipped="0" asserts="0">
            <properties />
            <test-case id="1003" name="FutureSaveVersionIsNotOverwrittenByAnOlderBuild" fullname="GravityBox.Tests.CampaignProgressTests.FutureSaveVersionIsNotOverwrittenByAnOlderBuild" methodname="FutureSaveVersionIsNotOverwrittenByAnOlderBuild" classname="GravityBox.Tests.CampaignProgressTests" runstate="Runnable" seed="1097457129" result="Passed" start-time="2026-09-09 12:23:56Z" end-time="2026-09-09 12:23:56Z" duration="0.009528" asserts="0">
              <properties>
                <property name="retryIteration" value="0" />
                <property name="repeatIteration" value="0" />
              </properties>
            </test-case>
            <test-case id="1004" name="InvalidSaveAndRemovedLastLevelSafelyStartAtTheBeginning" fullname="GravityBox.Tests.CampaignProgressTests.InvalidSaveAndRemovedLastLevelSafelyStartAtTheBeginning" methodname="InvalidSaveAndRemovedLastLevelSafelyStartAtTheBeginning" classname="GravityBox.Tests.CampaignProgressTests" runstate="Runnable" seed="149386703" result="Passed" start-time="2026-09-09 12:23:56Z" end-time="2026-09-09 12:23:56Z" duration="0.001069" asserts="0">
              <properties>
                <property name="retryIteration" value="0" />
                <property name="repeatIteration" value="0" />
              </properties>
            </test-case>
            <test-case id="1002" name="SavedIdsSurviveReorderingAndRepeatedCompletions" fullname="GravityBox.Tests.CampaignProgressTests.SavedIdsSurviveReorderingAndRepeatedCompletions" methodname="SavedIdsSurviveReorderingAndRepeatedCompletions" classname="GravityBox.Tests.CampaignProgressTests" runstate="Runnable" seed="982749916" result="Passed" start-time="2026-09-09 12:23:56Z" end-time="2026-09-09 12:23:56Z" duration="0.001230" asserts="0">
              <properties>
                <property name="retryIteration" value="0" />
                <property name="repeatIteration" value="0" />
              </properties>
            </test-case>
          </test-suite>
          <test-suite type="TestFixture" id="1005" name="DesignContractTests" fullname="GravityBox.Tests.DesignContractTests" classname="GravityBox.Tests.DesignContractTests" runstate="Runnable" testcasecount="8" result="Passed" start-time="2026-09-09 12:23:56Z" end-time="2026-09-09 12:23:56Z" duration="0.118395" total="8" passed="8" failed="0" inconclusive="0" skipped="0" asserts="0">
            <properties />
            <test-case id="1012" name="Catalog_ContainsTwentyThreeDistinctExperimentsWithSharedSteelPhysics" fullname="GravityBox.Tests.DesignContractTests.Catalog_ContainsTwentyThreeDistinctExperimentsWithSharedSteelPhysics" methodname="Catalog_ContainsTwentyThreeDistinctExperimentsWithSharedSteelPhysics" classname="GravityBox.Tests.DesignContractTests" runstate="Runnable" seed="815285198" result="Passed" start-time="2026-09-09 12:23:56Z" end-time="2026-09-09 12:23:56Z" duration="0.111475" asserts="0">
              <properties>
                <property name="retryIteration" value="0" />
                <property name="repeatIteration" value="0" />
              </properties>
            </test-case>
            <test-case id="1008" name="PausedSession_RejectsCompletionAndFailure" fullname="GravityBox.Tests.DesignContractTests.PausedSession_RejectsCompletionAndFailure" methodname="PausedSession_RejectsCompletionAndFailure" classname="GravityBox.Tests.DesignContractTests" runstate="Runnable" seed="411363020" result="Passed" start-time="2026-09-09 12:23:56Z" end-time="2026-09-09 12:23:56Z" duration="0.000401" asserts="0">
              <properties>
                <property name="retryIteration" value="0" />
                <property name="repeatIteration" value="0" />
              </properties>
            </test-case>
            <test-case id="1009" name="Profiles_ResolveWorldAcceleration" fullname="GravityBox.Tests.DesignContractTests.Profiles_ResolveWorldAcceleration" methodname="Profiles_ResolveWorldAcceleration" classname="GravityBox.Tests.DesignContractTests" runstate="Runnable" seed="742238696" result="Passed" start-time="2026-09-09 12:23:56Z" end-time="2026-09-09 12:23:56Z" duration="0.000920" asserts="0">
              <properties>
                <property name="retryIteration" value="0" />
                <property name="repeatIteration" value="0" />
              </properties>
            </test-case>
            <test-case id="1006" name="Registry_DeduplicatesAndCapturesOnlyOnce" fullname="GravityBox.Tests.DesignContractTests.Registry_DeduplicatesAndCapturesOnlyOnce" methodname="Registry_DeduplicatesAndCapturesOnlyOnce" classname="GravityBox.Tests.DesignContractTests" runstate="Runnable" seed="1760462429" result="Passed" start-time="2026-09-09 12:23:56Z" end-time="2026-09-09 12:23:56Z" duration="0.000388" asserts="0">
              <properties>
                <property name="retryIteration" value="0" />
                <property name="repeatIteration" value="0" />
              </properties>
            </test-case>
            <test-case id="1013" name="SharedBall_HasTabletopSteelSphereDimensionsAndDensity" fullname="GravityBox.Tests.DesignContractTests.SharedBall_HasTabletopSteelSphereDimensionsAndDensity" methodname="SharedBall_HasTabletopSteelSphereDimensionsAndDensity" classname="GravityBox.Tests.DesignContractTests" runstate="Runnable" seed="538480743" result="Passed" start-time="2026-09-09 12:23:56Z" end-time="2026-09-09 12:23:56Z" duration="0.000374" asserts="0">
              <properties>
                <property name="retryIteration" value="0" />
                <property name="repeatIteration" value="0" />
              </properties>
            </test-case>
            <test-case id="1011" name="SignalBus_IsScopedToEachLevel" fullname="GravityBox.Tests.DesignContractTests.SignalBus_IsScopedToEachLevel" methodname="SignalBus_IsScopedToEachLevel" classname="GravityBox.Tests.DesignContractTests" runstate="Runnable" seed="489356158" result="Passed" start-time="2026-09-09 12:23:56Z" end-time="2026-09-09 12:23:56Z" duration="0.001071" asserts="0">
              <properties>
                <property name="retryIteration" value="0" />
                <property name="repeatIteration" value="0" />
              </properties>
            </test-case>
            <test-case id="1010" name="Snapping_UsesAll24DistinctCubeOrientations" fullname="GravityBox.Tests.DesignContractTests.Snapping_UsesAll24DistinctCubeOrientations" methodname="Snapping_UsesAll24DistinctCubeOrientations" classname="GravityBox.Tests.DesignContractTests" runstate="Runnable" seed="1181413358" result="Passed" start-time="2026-09-09 12:23:56Z" end-time="2026-09-09 12:23:56Z" duration="0.001796" asserts="0">
              <properties>
                <property name="retryIteration" value="0" />
                <property name="repeatIteration" value="0" />
              </properties>
            </test-case>
            <test-case id="1007" name="TerminalState_FiresExactlyOnceUntilReset" fullname="GravityBox.Tests.DesignContractTests.TerminalState_FiresExactlyOnceUntilReset" methodname="TerminalState_FiresExactlyOnceUntilReset" classname="GravityBox.Tests.DesignContractTests" runstate="Runnable" seed="532737413" result="Passed" start-time="2026-09-09 12:23:56Z" end-time="2026-09-09 12:23:56Z" duration="0.000352" asserts="0">
              <properties>
                <property name="retryIteration" value="0" />
                <property name="repeatIteration" value="0" />
              </properties>
              <output><![CDATA[Saving results to: /Users/mrk/Library/Application Support/Gravity Box Lab/Gravity Box/TestResults.xml
]]></output>
            </test-case>
          </test-suite>
        </test-suite>
      </test-suite>
    </test-suite>
  </test-suite>
</test-run>
