<?xml version="1.0" encoding="utf-8"?>
<test-run id="2" testcasecount="379" result="Passed" total="379" passed="379" failed="0" inconclusive="0" skipped="0" asserts="0" engine-version="3.5.0.0" clr-version="4.0.30319.42000" start-time="2026-09-09 12:35:35Z" end-time="2026-09-09 12:36:44Z" duration="69.646054">
  <test-suite type="TestSuite" id="1416" name="Gravity Box" fullname="Gravity Box" runstate="Runnable" testcasecount="379" result="Passed" start-time="2026-09-09 12:35:35Z" end-time="2026-09-09 12:36:44Z" duration="69.646054" total="379" passed="379" failed="0" inconclusive="0" skipped="0" asserts="0">
    <properties>
      <property name="platform" value="PlayMode" />
    </properties>
    <test-suite type="Assembly" id="1410" name="GravityBox.Tests.PlayMode.dll" fullname="/Users/mrk/GravityBox/Library/ScriptAssemblies/GravityBox.Tests.PlayMode.dll" runstate="Runnable" testcasecount="379" result="Passed" start-time="2026-09-09 12:35:35Z" end-time="2026-09-09 12:36:44Z" duration="69.639462" total="379" passed="379" failed="0" inconclusive="0" skipped="0" asserts="0">
      <properties>
        <property name="_PID" value="56855" />
        <property name="_APPDOMAIN" value="Unity Child Domain" />
        <property name="platform" value="PlayMode" />
        <property name="EditorOnly" value="False" />
      </properties>
      <test-suite type="TestSuite" id="1411" name="GravityBox" fullname="GravityBox" runstate="Runnable" testcasecount="379" result="Passed" start-time="2026-09-09 12:35:35Z" end-time="2026-09-09 12:36:44Z" duration="69.638886" total="379" passed="379" failed="0" inconclusive="0" skipped="0" asserts="0">
        <properties />
        <test-suite type="TestSuite" id="1412" name="Tests" fullname="GravityBox.Tests" runstate="Runnable" testcasecount="379" result="Passed" start-time="2026-09-09 12:35:35Z" end-time="2026-09-09 12:36:44Z" duration="69.638703" total="379" passed="379" failed="0" inconclusive="0" skipped="0" asserts="0">
          <properties />
          <test-suite type="TestFixture" id="1165" name="CampaignLifecycleTests" fullname="GravityBox.Tests.CampaignLifecycleTests" classname="GravityBox.Tests.CampaignLifecycleTests" runstate="Runnable" testcasecount="203" result="Passed" start-time="2026-09-09 12:35:35Z" end-time="2026-09-09 12:35:40Z" duration="4.689165" total="203" passed="203" failed="0" inconclusive="0" skipped="0" asserts="0">
            <properties />
            <test-suite type="ParameterizedMethod" id="1266" name="AuthoredLevelHasStableSpawnAndReversiblePhysicsLifecycle" fullname="GravityBox.Tests.CampaignLifecycleTests.AuthoredLevelHasStableSpawnAndReversiblePhysicsLifecycle" classname="GravityBox.Tests.CampaignLifecycleTests" runstate="Runnable" testcasecount="100" result="Passed" start-time="2026-09-09 12:35:35Z" end-time="2026-09-09 12:35:39Z" duration="4.314225" total="100" passed="100" failed="0" inconclusive="0" skipped="0" asserts="0">
              <properties />
              <test-case id="1166" name="AuthoredLevelHasStableSpawnAndReversiblePhysicsLifecycle(1)" fullname="GravityBox.Tests.CampaignLifecycleTests.AuthoredLevelHasStableSpawnAndReversiblePhysicsLifecycle(1)" methodname="AuthoredLevelHasStableSpawnAndReversiblePhysicsLifecycle" classname="GravityBox.Tests.CampaignLifecycleTests" runstate="Runnable" seed="497246631" result="Passed" start-time="2026-09-09 12:35:35Z" end-time="2026-09-09 12:35:36Z" duration="0.666933" asserts="0">
                <properties>
                  <property name="retryIteration" value="0" />
                  <property name="repeatIteration" value="0" />
                </properties>
              </test-case>
              <test-case id="1167" name="AuthoredLevelHasStableSpawnAndReversiblePhysicsLifecycle(2)" fullname="GravityBox.Tests.CampaignLifecycleTests.AuthoredLevelHasStableSpawnAndReversiblePhysicsLifecycle(2)" methodname="AuthoredLevelHasStableSpawnAndReversiblePhysicsLifecycle" classname="GravityBox.Tests.CampaignLifecycleTests" runstate="Runnable" seed="1230048249" result="Passed" start-time="2026-09-09 12:35:36Z" end-time="2026-09-09 12:35:36Z" duration="0.026984" asserts="0">
                <properties>
                  <property name="retryIteration" value="0" />
                  <property name="repeatIteration" value="0" />
                </properties>
              </test-case>
              <test-case id="1168" name="AuthoredLevelHasStableSpawnAndReversiblePhysicsLifecycle(3)" fullname="GravityBox.Tests.CampaignLifecycleTests.AuthoredLevelHasStableSpawnAndReversiblePhysicsLifecycle(3)" methodname="AuthoredLevelHasStableSpawnAndReversiblePhysicsLifecycle" classname="GravityBox.Tests.CampaignLifecycleTests" runstate="Runnable" seed="1896565599" result="Passed" start-time="2026-09-09 12:35:36Z" end-time="2026-09-09 12:35:36Z" duration="0.026118" asserts="0">
                <properties>
                  <property name="retryIteration" value="0" />
                  <property name="repeatIteration" value="0" />
                </properties>
              </test-case>
              <test-case id="1169" name="AuthoredLevelHasStableSpawnAndReversiblePhysicsLifecycle(4)" fullname="GravityBox.Tests.CampaignLifecycleTests.AuthoredLevelHasStableSpawnAndReversiblePhysicsLifecycle(4)" methodname="AuthoredLevelHasStableSpawnAndReversiblePhysicsLifecycle" classname="GravityBox.Tests.CampaignLifecycleTests" runstate="Runnable" seed="254740374" result="Passed" start-time="2026-09-09 12:35:36Z" end-time="2026-09-09 12:35:36Z" duration="0.026116" asserts="0">
                <properties>
                  <property name="retryIteration" value="0" />
                  <property name="repeatIteration" value="0" />
                </properties>
              </test-case>
              <test-case id="1170" name="AuthoredLevelHasStableSpawnAndReversiblePhysicsLifecycle(5)" fullname="GravityBox.Tests.CampaignLifecycleTests.AuthoredLevelHasStableSpawnAndReversiblePhysicsLifecycle(5)" methodname="AuthoredLevelHasStableSpawnAndReversiblePhysicsLifecycle" classname="GravityBox.Tests.CampaignLifecycleTests" runstate="Runnable" seed="1359035939" result="Passed" start-time="2026-09-09 12:35:36Z" end-time="2026-09-09 12:35:36Z" duration="0.025546" asserts="0">
                <properties>
                  <property name="retryIteration" value="0" />
                  <property name="repeatIteration" value="0" />
                </properties>
              </test-case>
              <test-case id="1171" name="AuthoredLevelHasStableSpawnAndReversiblePhysicsLifecycle(6)" fullname="GravityBox.Tests.CampaignLifecycleTests.AuthoredLevelHasStableSpawnAndReversiblePhysicsLifecycle(6)" methodname="AuthoredLevelHasStableSpawnAndReversiblePhysicsLifecycle" classname="GravityBox.Tests.CampaignLifecycleTests" runstate="Runnable" seed="2079751315" result="Passed" start-time="2026-09-09 12:35:36Z" end-time="2026-09-09 12:35:36Z" duration="0.029438" asserts="0">
                <properties>
                  <property name="retryIteration" value="0" />
                  <property name="repeatIteration" value="0" />
                </properties>
              </test-case>
              <test-case id="1172" name="AuthoredLevelHasStableSpawnAndReversiblePhysicsLifecycle(7)" fullname="GravityBox.Tests.CampaignLifecycleTests.AuthoredLevelHasStableSpawnAndReversiblePhysicsLifecycle(7)" methodname="AuthoredLevelHasStableSpawnAndReversiblePhysicsLifecycle" classname="GravityBox.Tests.CampaignLifecycleTests" runstate="Runnable" seed="89276378" result="Passed" start-time="2026-09-09 12:35:36Z" end-time="2026-09-09 12:35:36Z" duration="0.027594" asserts="0">
                <properties>
                  <property name="retryIteration" value="0" />
                  <property name="repeatIteration" value="0" />
                </properties>
              </test-case>
              <test-case id="1173" name="AuthoredLevelHasStableSpawnAndReversiblePhysicsLifecycle(8)" fullname="GravityBox.Tests.CampaignLifecycleTests.AuthoredLevelHasStableSpawnAndReversiblePhysicsLifecycle(8)" methodname="AuthoredLevelHasStableSpawnAndReversiblePhysicsLifecycle" classname="GravityBox.Tests.CampaignLifecycleTests" runstate="Runnable" seed="548637911" result="Passed" start-time="2026-09-09 12:35:36Z" end-time="2026-09-09 12:35:36Z" duration="0.027131" asserts="0">
                <properties>
                  <property name="retryIteration" value="0" />
                  <property name="repeatIteration" value="0" />
                </properties>
              </test-case>
              <test-case id="1174" name="AuthoredLevelHasStableSpawnAndReversiblePhysicsLifecycle(9)" fullname="GravityBox.Tests.CampaignLifecycleTests.AuthoredLevelHasStableSpawnAndReversiblePhysicsLifecycle(9)" methodname="AuthoredLevelHasStableSpawnAndReversiblePhysicsLifecycle" classname="GravityBox.Tests.CampaignLifecycleTests" runstate="Runnable" seed="1250225523" result="Passed" start-time="2026-09-09 12:35:36Z" end-time="2026-09-09 12:35:36Z" duration="0.025999" asserts="0">
                <properties>
                  <property name="retryIteration" value="0" />
                  <property name="repeatIteration" value="0" />
                </properties>
              </test-case>
              <test-case id="1175" name="AuthoredLevelHasStableSpawnAndReversiblePhysicsLifecycle(10)" fullname="GravityBox.Tests.CampaignLifecycleTests.AuthoredLevelHasStableSpawnAndReversiblePhysicsLifecycle(10)" methodname="AuthoredLevelHasStableSpawnAndReversiblePhysicsLifecycle" classname="GravityBox.Tests.CampaignLifecycleTests" runstate="Runnable" seed="1569956022" result="Passed" start-time="2026-09-09 12:35:36Z" end-time="2026-09-09 12:35:36Z" duration="0.028620" asserts="0">
                <properties>
                  <property name="retryIteration" value="0" />
                  <property name="repeatIteration" value="0" />
                </properties>
              </test-case>
              <test-case id="1176" name="AuthoredLevelHasStableSpawnAndReversiblePhysicsLifecycle(11)" fullname="GravityBox.Tests.CampaignLifecycleTests.AuthoredLevelHasStableSpawnAndReversiblePhysicsLifecycle(11)" methodname="AuthoredLevelHasStableSpawnAndReversiblePhysicsLifecycle" classname="GravityBox.Tests.CampaignLifecycleTests" runstate="Runnable" seed="1647328672" result="Passed" start-time="2026-09-09 12:35:36Z" end-time="2026-09-09 12:35:36Z" duration="0.033587" asserts="0">
                <properties>
                  <property name="retryIteration" value="0" />
                  <property name="repeatIteration" value="0" />
                </properties>
              </test-case>
              <test-case id="1177" name="AuthoredLevelHasStableSpawnAndReversiblePhysicsLifecycle(12)" fullname="GravityBox.Tests.CampaignLifecycleTests.AuthoredLevelHasStableSpawnAndReversiblePhysicsLifecycle(12)" methodname="AuthoredLevelHasStableSpawnAndReversiblePhysicsLifecycle" classname="GravityBox.Tests.CampaignLifecycleTests" runstate="Runnable" seed="1421712053" result="Passed" start-time="2026-09-09 12:35:36Z" end-time="2026-09-09 12:35:36Z" duration="0.031216" asserts="0">
                <properties>
                  <property name="retryIteration" value="0" />
                  <property name="repeatIteration" value="0" />
                </properties>
              </test-case>
              <test-case id="1178" name="AuthoredLevelHasStableSpawnAndReversiblePhysicsLifecycle(13)" fullname="GravityBox.Tests.CampaignLifecycleTests.AuthoredLevelHasStableSpawnAndReversiblePhysicsLifecycle(13)" methodname="AuthoredLevelHasStableSpawnAndReversiblePhysicsLifecycle" classname="GravityBox.Tests.CampaignLifecycleTests" runstate="Runnable" seed="206918541" result="Passed" start-time="2026-09-09 12:35:36Z" end-time="2026-09-09 12:35:36Z" duration="0.030471" asserts="0">
                <properties>
                  <property name="retryIteration" value="0" />
                  <property name="repeatIteration" value="0" />
                </properties>
              </test-case>
              <test-case id="1179" name="AuthoredLevelHasStableSpawnAndReversiblePhysicsLifecycle(14)" fullname="GravityBox.Tests.CampaignLifecycleTests.AuthoredLevelHasStableSpawnAndReversiblePhysicsLifecycle(14)" methodname="AuthoredLevelHasStableSpawnAndReversiblePhysicsLifecycle" classname="GravityBox.Tests.CampaignLifecycleTests" runstate="Runnable" seed="552655740" result="Passed" start-time="2026-09-09 12:35:36Z" end-time="2026-09-09 12:35:36Z" duration="0.029296" asserts="0">
                <properties>
                  <property name="retryIteration" value="0" />
                  <property name="repeatIteration" value="0" />
                </properties>
              </test-case>
              <test-case id="1180" name="AuthoredLevelHasStableSpawnAndReversiblePhysicsLifecycle(15)" fullname="GravityBox.Tests.CampaignLifecycleTests.AuthoredLevelHasStableSpawnAndReversiblePhysicsLifecycle(15)" methodname="AuthoredLevelHasStableSpawnAndReversiblePhysicsLifecycle" classname="GravityBox.Tests.CampaignLifecycleTests" runstate="Runnable" seed="168382080" result="Passed" start-time="2026-09-09 12:35:36Z" end-time="2026-09-09 12:35:36Z" duration="0.032715" asserts="0">
                <properties>
                  <property name="retryIteration" value="0" />
                  <property name="repeatIteration" value="0" />
                </properties>
              </test-case>
              <test-case id="1181" name="AuthoredLevelHasStableSpawnAndReversiblePhysicsLifecycle(16)" fullname="GravityBox.Tests.CampaignLifecycleTests.AuthoredLevelHasStableSpawnAndReversiblePhysicsLifecycle(16)" methodname="AuthoredLevelHasStableSpawnAndReversiblePhysicsLifecycle" classname="GravityBox.Tests.CampaignLifecycleTests" runstate="Runnable" seed="371471488" result="Passed" start-time="2026-09-09 12:35:36Z" end-time="2026-09-09 12:35:36Z" duration="0.028880" asserts="0">
                <properties>
                  <property name="retryIteration" value="0" />
                  <property name="repeatIteration" value="0" />
                </properties>
              </test-case>
              <test-case id="1182" name="AuthoredLevelHasStableSpawnAndReversiblePhysicsLifecycle(17)" fullname="GravityBox.Tests.CampaignLifecycleTests.AuthoredLevelHasStableSpawnAndReversiblePhysicsLifecycle(17)" methodname="AuthoredLevelHasStableSpawnAndReversiblePhysicsLifecycle" classname="GravityBox.Tests.CampaignLifecycleTests" runstate="Runnable" seed="1404484510" result="Passed" start-time="2026-09-09 12:35:36Z" end-time="2026-09-09 12:35:36Z" duration="0.028648" asserts="0">
                <properties>
                  <property name="retryIteration" value="0" />
                  <property name="repeatIteration" value="0" />
                </properties>
              </test-case>
              <test-case id="1183" name="AuthoredLevelHasStableSpawnAndReversiblePhysicsLifecycle(18)" fullname="GravityBox.Tests.CampaignLifecycleTests.AuthoredLevelHasStableSpawnAndReversiblePhysicsLifecycle(18)" methodname="AuthoredLevelHasStableSpawnAndReversiblePhysicsLifecycle" classname="GravityBox.Tests.CampaignLifecycleTests" runstate="Runnable" seed="456800305" result="Passed" start-time="2026-09-09 12:35:36Z" end-time="2026-09-09 12:35:36Z" duration="0.034226" asserts="0">
                <properties>
                  <property name="retryIteration" value="0" />
                  <property name="repeatIteration" value="0" />
                </properties>
              </test-case>
              <test-case id="1184" name="AuthoredLevelHasStableSpawnAndReversiblePhysicsLifecycle(19)" fullname="GravityBox.Tests.CampaignLifecycleTests.AuthoredLevelHasStableSpawnAndReversiblePhysicsLifecycle(19)" methodname="AuthoredLevelHasStableSpawnAndReversiblePhysicsLifecycle" classname="GravityBox.Tests.CampaignLifecycleTests" runstate="Runnable" seed="619941935" result="Passed" start-time="2026-09-09 12:35:36Z" end-time="2026-09-09 12:35:36Z" duration="0.030192" asserts="0">
                <properties>
                  <property name="retryIteration" value="0" />
                  <property name="repeatIteration" value="0" />
                </properties>
              </test-case>
              <test-case id="1185" name="AuthoredLevelHasStableSpawnAndReversiblePhysicsLifecycle(20)" fullname="GravityBox.Tests.CampaignLifecycleTests.AuthoredLevelHasStableSpawnAndReversiblePhysicsLifecycle(20)" methodname="AuthoredLevelHasStableSpawnAndReversiblePhysicsLifecycle" classname="GravityBox.Tests.CampaignLifecycleTests" runstate="Runnable" seed="215860028" result="Passed" start-time="2026-09-09 12:35:36Z" end-time="2026-09-09 12:35:36Z" duration="0.037793" asserts="0">
                <properties>
                  <property name="retryIteration" value="0" />
                  <property name="repeatIteration" value="0" />
                </properties>
              </test-case>
              <test-case id="1186" name="AuthoredLevelHasStableSpawnAndReversiblePhysicsLifecycle(21)" fullname="GravityBox.Tests.CampaignLifecycleTests.AuthoredLevelHasStableSpawnAndReversiblePhysicsLifecycle(21)" methodname="AuthoredLevelHasStableSpawnAndReversiblePhysicsLifecycle" classname="GravityBox.Tests.CampaignLifecycleTests" runstate="Runnable" seed="673071630" result="Passed" start-time="2026-09-09 12:35:36Z" end-time="2026-09-09 12:35:36Z" duration="0.027064" asserts="0">
                <properties>
                  <property name="retryIteration" value="0" />
                  <property name="repeatIteration" value="0" />
                </properties>
              </test-case>
              <test-case id="1187" name="AuthoredLevelHasStableSpawnAndReversiblePhysicsLifecycle(22)" fullname="GravityBox.Tests.CampaignLifecycleTests.AuthoredLevelHasStableSpawnAndReversiblePhysicsLifecycle(22)" methodname="AuthoredLevelHasStableSpawnAndReversiblePhysicsLifecycle" classname="GravityBox.Tests.CampaignLifecycleTests" runstate="Runnable" seed="24704849" result="Passed" start-time="2026-09-09 12:35:36Z" end-time="2026-09-09 12:35:36Z" duration="0.027131" asserts="0">
                <properties>
                  <property name="retryIteration" value="0" />
                  <property name="repeatIteration" value="0" />
                </properties>
              </test-case>
              <test-case id="1188" name="AuthoredLevelHasStableSpawnAndReversiblePhysicsLifecycle(23)" fullname="GravityBox.Tests.CampaignLifecycleTests.AuthoredLevelHasStableSpawnAndReversiblePhysicsLifecycle(23)" methodname="AuthoredLevelHasStableSpawnAndReversiblePhysicsLifecycle" classname="GravityBox.Tests.CampaignLifecycleTests" runstate="Runnable" seed="44006033" result="Passed" start-time="2026-09-09 12:35:36Z" end-time="2026-09-09 12:35:36Z" duration="0.030036" asserts="0">
                <properties>
                  <property name="retryIteration" value="0" />
                  <property name="repeatIteration" value="0" />
                </properties>
              </test-case>
              <test-case id="1189" name="AuthoredLevelHasStableSpawnAndReversiblePhysicsLifecycle(24)" fullname="GravityBox.Tests.CampaignLifecycleTests.AuthoredLevelHasStableSpawnAndReversiblePhysicsLifecycle(24)" methodname="AuthoredLevelHasStableSpawnAndReversiblePhysicsLifecycle" classname="GravityBox.Tests.CampaignLifecycleTests" runstate="Runnable" seed="559553043" result="Passed" start-time="2026-09-09 12:35:36Z" end-time="2026-09-09 12:35:36Z" duration="0.235862" asserts="0">
                <properties>
                  <property name="retryIteration" value="0" />
                  <property name="repeatIteration" value="0" />
                </properties>
              </test-case>
              <test-case id="1190" name="AuthoredLevelHasStableSpawnAndReversiblePhysicsLifecycle(25)" fullname="GravityBox.Tests.CampaignLifecycleTests.AuthoredLevelHasStableSpawnAndReversiblePhysicsLifecycle(25)" methodname="AuthoredLevelHasStableSpawnAndReversiblePhysicsLifecycle" classname="GravityBox.Tests.CampaignLifecycleTests" runstate="Runnable" seed="1760010571" result="Passed" start-time="2026-09-09 12:35:36Z" end-time="2026-09-09 12:35:36Z" duration="0.028656" asserts="0">
                <properties>
                  <property name="retryIteration" value="0" />
                  <property name="repeatIteration" value="0" />
                </properties>
              </test-case>
              <test-case id="1191" name="AuthoredLevelHasStableSpawnAndReversiblePhysicsLifecycle(26)" fullname="GravityBox.Tests.CampaignLifecycleTests.AuthoredLevelHasStableSpawnAndReversiblePhysicsLifecycle(26)" methodname="AuthoredLevelHasStableSpawnAndReversiblePhysicsLifecycle" classname="GravityBox.Tests.CampaignLifecycleTests" runstate="Runnable" seed="610999625" result="Passed" start-time="2026-09-09 12:35:36Z" end-time="2026-09-09 12:35:36Z" duration="0.025097" asserts="0">
                <properties>
                  <property name="retryIteration" value="0" />
                  <property name="repeatIteration" value="0" />
                </properties>
              </test-case>
              <test-case id="1192" name="AuthoredLevelHasStableSpawnAndReversiblePhysicsLifecycle(27)" fullname="GravityBox.Tests.CampaignLifecycleTests.AuthoredLevelHasStableSpawnAndReversiblePhysicsLifecycle(27)" methodname="AuthoredLevelHasStableSpawnAndReversiblePhysicsLifecycle" classname="GravityBox.Tests.CampaignLifecycleTests" runstate="Runnable" seed="1717045171" result="Passed" start-time="2026-09-09 12:35:36Z" end-time="2026-09-09 12:35:36Z" duration="0.034110" asserts="0">
                <properties>
                  <property name="retryIteration" value="0" />
                  <property name="repeatIteration" value="0" />
                </properties>
              </test-case>
              <test-case id="1193" name="AuthoredLevelHasStableSpawnAndReversiblePhysicsLifecycle(28)" fullname="GravityBox.Tests.CampaignLifecycleTests.AuthoredLevelHasStableSpawnAndReversiblePhysicsLifecycle(28)" methodname="AuthoredLevelHasStableSpawnAndReversiblePhysicsLifecycle" classname="GravityBox.Tests.CampaignLifecycleTests" runstate="Runnable" seed="2112162236" result="Passed" start-time="2026-09-09 12:35:36Z" end-time="2026-09-09 12:35:37Z" duration="0.034260" asserts="0">
                <properties>
                  <property name="retryIteration" value="0" />
                  <property name="repeatIteration" value="0" />
                </properties>
              </test-case>
              <test-case id="1194" name="AuthoredLevelHasStableSpawnAndReversiblePhysicsLifecycle(29)" fullname="GravityBox.Tests.CampaignLifecycleTests.AuthoredLevelHasStableSpawnAndReversiblePhysicsLifecycle(29)" methodname="AuthoredLevelHasStableSpawnAndReversiblePhysicsLifecycle" classname="GravityBox.Tests.CampaignLifecycleTests" runstate="Runnable" seed="1560251389" result="Passed" start-time="2026-09-09 12:35:37Z" end-time="2026-09-09 12:35:37Z" duration="0.027208" asserts="0">
                <properties>
                  <property name="retryIteration" value="0" />
                  <property name="repeatIteration" value="0" />
                </properties>
              </test-case>
              <test-case id="1195" name="AuthoredLevelHasStableSpawnAndReversiblePhysicsLifecycle(30)" fullname="GravityBox.Tests.CampaignLifecycleTests.AuthoredLevelHasStableSpawnAndReversiblePhysicsLifecycle(30)" methodname="AuthoredLevelHasStableSpawnAndReversiblePhysicsLifecycle" classname="GravityBox.Tests.CampaignLifecycleTests" runstate="Runnable" seed="545030122" result="Passed" start-time="2026-09-09 12:35:37Z" end-time="2026-09-09 12:35:37Z" duration="0.037030" asserts="0">
                <properties>
                  <property name="retryIteration" value="0" />
                  <property name="repeatIteration" value="0" />
                </properties>
              </test-case>
              <test-case id="1196" name="AuthoredLevelHasStableSpawnAndReversiblePhysicsLifecycle(31)" fullname="GravityBox.Tests.CampaignLifecycleTests.AuthoredLevelHasStableSpawnAndReversiblePhysicsLifecycle(31)" methodname="AuthoredLevelHasStableSpawnAndReversiblePhysicsLifecycle" classname="GravityBox.Tests.CampaignLifecycleTests" runstate="Runnable" seed="918043197" result="Passed" start-time="2026-09-09 12:35:37Z" end-time="2026-09-09 12:35:37Z" duration="0.027939" asserts="0">
                <properties>
                  <property name="retryIteration" value="0" />
                  <property name="repeatIteration" value="0" />
                </properties>
              </test-case>
              <test-case id="1197" name="AuthoredLevelHasStableSpawnAndReversiblePhysicsLifecycle(32)" fullname="GravityBox.Tests.CampaignLifecycleTests.AuthoredLevelHasStableSpawnAndReversiblePhysicsLifecycle(32)" methodname="AuthoredLevelHasStableSpawnAndReversiblePhysicsLifecycle" classname="GravityBox.Tests.CampaignLifecycleTests" runstate="Runnable" seed="1657555968" result="Passed" start-time="2026-09-09 12:35:37Z" end-time="2026-09-09 12:35:37Z" duration="0.028016" asserts="0">
                <properties>
                  <property name="retryIteration" value="0" />
                  <property name="repeatIteration" value="0" />
                </properties>
              </test-case>
              <test-case id="1198" name="AuthoredLevelHasStableSpawnAndReversiblePhysicsLifecycle(33)" fullname="GravityBox.Tests.CampaignLifecycleTests.AuthoredLevelHasStableSpawnAndReversiblePhysicsLifecycle(33)" methodname="AuthoredLevelHasStableSpawnAndReversiblePhysicsLifecycle" classname="GravityBox.Tests.CampaignLifecycleTests" runstate="Runnable" seed="1031645788" result="Passed" start-time="2026-09-09 12:35:37Z" end-time="2026-09-09 12:35:37Z" duration="0.031756" asserts="0">
                <properties>
                  <property name="retryIteration" value="0" />
                  <property name="repeatIteration" value="0" />
                </properties>
              </test-case>
              <test-case id="1199" name="AuthoredLevelHasStableSpawnAndReversiblePhysicsLifecycle(34)" fullname="GravityBox.Tests.CampaignLifecycleTests.AuthoredLevelHasStableSpawnAndReversiblePhysicsLifecycle(34)" methodname="AuthoredLevelHasStableSpawnAndReversiblePhysicsLifecycle" classname="GravityBox.Tests.CampaignLifecycleTests" runstate="Runnable" seed="549806731" result="Passed" start-time="2026-09-09 12:35:37Z" end-time="2026-09-09 12:35:37Z" duration="0.031683" asserts="0">
                <properties>
                  <property name="retryIteration" value="0" />
                  <property name="repeatIteration" value="0" />
                </properties>
              </test-case>
              <test-case id="1200" name="AuthoredLevelHasStableSpawnAndReversiblePhysicsLifecycle(35)" fullname="GravityBox.Tests.CampaignLifecycleTests.AuthoredLevelHasStableSpawnAndReversiblePhysicsLifecycle(35)" methodname="AuthoredLevelHasStableSpawnAndReversiblePhysicsLifecycle" classname="GravityBox.Tests.CampaignLifecycleTests" runstate="Runnable" seed="453854672" result="Passed" start-time="2026-09-09 12:35:37Z" end-time="2026-09-09 12:35:37Z" duration="0.031571" asserts="0">
                <properties>
                  <property name="retryIteration" value="0" />
                  <property name="repeatIteration" value="0" />
                </properties>
              </test-case>
              <test-case id="1201" name="AuthoredLevelHasStableSpawnAndReversiblePhysicsLifecycle(36)" fullname="GravityBox.Tests.CampaignLifecycleTests.AuthoredLevelHasStableSpawnAndReversiblePhysicsLifecycle(36)" methodname="AuthoredLevelHasStableSpawnAndReversiblePhysicsLifecycle" classname="GravityBox.Tests.CampaignLifecycleTests" runstate="Runnable" seed="1988228737" result="Passed" start-time="2026-09-09 12:35:37Z" end-time="2026-09-09 12:35:37Z" duration="0.034995" asserts="0">
                <properties>
                  <property name="retryIteration" value="0" />
                  <property name="repeatIteration" value="0" />
                </properties>
              </test-case>
              <test-case id="1202" name="AuthoredLevelHasStableSpawnAndReversiblePhysicsLifecycle(37)" fullname="GravityBox.Tests.CampaignLifecycleTests.AuthoredLevelHasStableSpawnAndReversiblePhysicsLifecycle(37)" methodname="AuthoredLevelHasStableSpawnAndReversiblePhysicsLifecycle" classname="GravityBox.Tests.CampaignLifecycleTests" runstate="Runnable" seed="242713771" result="Passed" start-time="2026-09-09 12:35:37Z" end-time="2026-09-09 12:35:37Z" duration="0.031743" asserts="0">
                <properties>
                  <property name="retryIteration" value="0" />
                  <property name="repeatIteration" value="0" />
                </properties>
              </test-case>
              <test-case id="1203" name="AuthoredLevelHasStableSpawnAndReversiblePhysicsLifecycle(38)" fullname="GravityBox.Tests.CampaignLifecycleTests.AuthoredLevelHasStableSpawnAndReversiblePhysicsLifecycle(38)" methodname="AuthoredLevelHasStableSpawnAndReversiblePhysicsLifecycle" classname="GravityBox.Tests.CampaignLifecycleTests" runstate="Runnable" seed="367783320" result="Passed" start-time="2026-09-09 12:35:37Z" end-time="2026-09-09 12:35:37Z" duration="0.032459" asserts="0">
                <properties>
                  <property name="retryIteration" value="0" />
                  <property name="repeatIteration" value="0" />
                </properties>
              </test-case>
              <test-case id="1204" name="AuthoredLevelHasStableSpawnAndReversiblePhysicsLifecycle(39)" fullname="GravityBox.Tests.CampaignLifecycleTests.AuthoredLevelHasStableSpawnAndReversiblePhysicsLifecycle(39)" methodname="AuthoredLevelHasStableSpawnAndReversiblePhysicsLifecycle" classname="GravityBox.Tests.CampaignLifecycleTests" runstate="Runnable" seed="1699062694" result="Passed" start-time="2026-09-09 12:35:37Z" end-time="2026-09-09 12:35:37Z" duration="0.044107" asserts="0">
                <properties>
                  <property name="retryIteration" value="0" />
                  <property name="repeatIteration" value="0" />
                </properties>
              </test-case>
              <test-case id="1205" name="AuthoredLevelHasStableSpawnAndReversiblePhysicsLifecycle(40)" fullname="GravityBox.Tests.CampaignLifecycleTests.AuthoredLevelHasStableSpawnAndReversiblePhysicsLifecycle(40)" methodname="AuthoredLevelHasStableSpawnAndReversiblePhysicsLifecycle" classname="GravityBox.Tests.CampaignLifecycleTests" runstate="Runnable" seed="1173363943" result="Passed" start-time="2026-09-09 12:35:37Z" end-time="2026-09-09 12:35:37Z" duration="0.045087" asserts="0">
                <properties>
                  <property name="retryIteration" value="0" />
                  <property name="repeatIteration" value="0" />
                </properties>
              </test-case>
              <test-case id="1206" name="AuthoredLevelHasStableSpawnAndReversiblePhysicsLifecycle(41)" fullname="GravityBox.Tests.CampaignLifecycleTests.AuthoredLevelHasStableSpawnAndReversiblePhysicsLifecycle(41)" methodname="AuthoredLevelHasStableSpawnAndReversiblePhysicsLifecycle" classname="GravityBox.Tests.CampaignLifecycleTests" runstate="Runnable" seed="987970618" result="Passed" start-time="2026-09-09 12:35:37Z" end-time="2026-09-09 12:35:37Z" duration="0.042033" asserts="0">
                <properties>
                  <property name="retryIteration" value="0" />
                  <property name="repeatIteration" value="0" />
                </properties>
              </test-case>
              <test-case id="1207" name="AuthoredLevelHasStableSpawnAndReversiblePhysicsLifecycle(42)" fullname="GravityBox.Tests.CampaignLifecycleTests.AuthoredLevelHasStableSpawnAndReversiblePhysicsLifecycle(42)" methodname="AuthoredLevelHasStableSpawnAndReversiblePhysicsLifecycle" classname="GravityBox.Tests.CampaignLifecycleTests" runstate="Runnable" seed="1708677848" result="Passed" start-time="2026-09-09 12:35:37Z" end-time="2026-09-09 12:35:37Z" duration="0.039655" asserts="0">
                <properties>
                  <property name="retryIteration" value="0" />
                  <property name="repeatIteration" value="0" />
                </properties>
              </test-case>
              <test-case id="1208" name="AuthoredLevelHasStableSpawnAndReversiblePhysicsLifecycle(43)" fullname="GravityBox.Tests.CampaignLifecycleTests.AuthoredLevelHasStableSpawnAndReversiblePhysicsLifecycle(43)" methodname="AuthoredLevelHasStableSpawnAndReversiblePhysicsLifecycle" classname="GravityBox.Tests.CampaignLifecycleTests" runstate="Runnable" seed="1047875810" result="Passed" start-time="2026-09-09 12:35:37Z" end-time="2026-09-09 12:35:37Z" duration="0.041302" asserts="0">
                <properties>
                  <property name="retryIteration" value="0" />
                  <property name="repeatIteration" value="0" />
                </properties>
              </test-case>
              <test-case id="1209" name="AuthoredLevelHasStableSpawnAndReversiblePhysicsLifecycle(44)" fullname="GravityBox.Tests.CampaignLifecycleTests.AuthoredLevelHasStableSpawnAndReversiblePhysicsLifecycle(44)" methodname="AuthoredLevelHasStableSpawnAndReversiblePhysicsLifecycle" classname="GravityBox.Tests.CampaignLifecycleTests" runstate="Runnable" seed="1389575912" result="Passed" start-time="2026-09-09 12:35:37Z" end-time="2026-09-09 12:35:37Z" duration="0.039529" asserts="0">
                <properties>
                  <property name="retryIteration" value="0" />
                  <property name="repeatIteration" value="0" />
                </properties>
              </test-case>
              <test-case id="1210" name="AuthoredLevelHasStableSpawnAndReversiblePhysicsLifecycle(45)" fullname="GravityBox.Tests.CampaignLifecycleTests.AuthoredLevelHasStableSpawnAndReversiblePhysicsLifecycle(45)" methodname="AuthoredLevelHasStableSpawnAndReversiblePhysicsLifecycle" classname="GravityBox.Tests.CampaignLifecycleTests" runstate="Runnable" seed="1855836373" result="Passed" start-time="2026-09-09 12:35:37Z" end-time="2026-09-09 12:35:37Z" duration="0.055953" asserts="0">
                <properties>
                  <property name="retryIteration" value="0" />
                  <property name="repeatIteration" value="0" />
                </properties>
              </test-case>
              <test-case id="1211" name="AuthoredLevelHasStableSpawnAndReversiblePhysicsLifecycle(46)" fullname="GravityBox.Tests.CampaignLifecycleTests.AuthoredLevelHasStableSpawnAndReversiblePhysicsLifecycle(46)" methodname="AuthoredLevelHasStableSpawnAndReversiblePhysicsLifecycle" classname="GravityBox.Tests.CampaignLifecycleTests" runstate="Runnable" seed="1062679631" result="Passed" start-time="2026-09-09 12:35:37Z" end-time="2026-09-09 12:35:37Z" duration="0.066777" asserts="0">
                <properties>
                  <property name="retryIteration" value="0" />
                  <property name="repeatIteration" value="0" />
                </properties>
              </test-case>
              <test-case id="1212" name="AuthoredLevelHasStableSpawnAndReversiblePhysicsLifecycle(47)" fullname="GravityBox.Tests.CampaignLifecycleTests.AuthoredLevelHasStableSpawnAndReversiblePhysicsLifecycle(47)" methodname="AuthoredLevelHasStableSpawnAndReversiblePhysicsLifecycle" classname="GravityBox.Tests.CampaignLifecycleTests" runstate="Runnable" seed="40881373" result="Passed" start-time="2026-09-09 12:35:37Z" end-time="2026-09-09 12:35:37Z" duration="0.045387" asserts="0">
                <properties>
                  <property name="retryIteration" value="0" />
                  <property name="repeatIteration" value="0" />
                </properties>
              </test-case>
              <test-case id="1213" name="AuthoredLevelHasStableSpawnAndReversiblePhysicsLifecycle(48)" fullname="GravityBox.Tests.CampaignLifecycleTests.AuthoredLevelHasStableSpawnAndReversiblePhysicsLifecycle(48)" methodname="AuthoredLevelHasStableSpawnAndReversiblePhysicsLifecycle" classname="GravityBox.Tests.CampaignLifecycleTests" runstate="Runnable" seed="772626136" result="Passed" start-time="2026-09-09 12:35:37Z" end-time="2026-09-09 12:35:37Z" duration="0.057997" asserts="0">
                <properties>
                  <property name="retryIteration" value="0" />
                  <property name="repeatIteration" value="0" />
                </properties>
              </test-case>
              <test-case id="1214" name="AuthoredLevelHasStableSpawnAndReversiblePhysicsLifecycle(49)" fullname="GravityBox.Tests.CampaignLifecycleTests.AuthoredLevelHasStableSpawnAndReversiblePhysicsLifecycle(49)" methodname="AuthoredLevelHasStableSpawnAndReversiblePhysicsLifecycle" classname="GravityBox.Tests.CampaignLifecycleTests" runstate="Runnable" seed="895493858" result="Passed" start-time="2026-09-09 12:35:37Z" end-time="2026-09-09 12:35:37Z" duration="0.069547" asserts="0">
                <properties>
                  <property name="retryIteration" value="0" />
                  <property name="repeatIteration" value="0" />
                </properties>
              </test-case>
              <test-case id="1215" name="AuthoredLevelHasStableSpawnAndReversiblePhysicsLifecycle(50)" fullname="GravityBox.Tests.CampaignLifecycleTests.AuthoredLevelHasStableSpawnAndReversiblePhysicsLifecycle(50)" methodname="AuthoredLevelHasStableSpawnAndReversiblePhysicsLifecycle" classname="GravityBox.Tests.CampaignLifecycleTests" runstate="Runnable" seed="670105741" result="Passed" start-time="2026-09-09 12:35:37Z" end-time="2026-09-09 12:35:37Z" duration="0.084463" asserts="0">
                <properties>
                  <property name="retryIteration" value="0" />
                  <property name="repeatIteration" value="0" />
                </properties>
              </test-case>
              <test-case id="1216" name="AuthoredLevelHasStableSpawnAndReversiblePhysicsLifecycle(51)" fullname="GravityBox.Tests.CampaignLifecycleTests.AuthoredLevelHasStableSpawnAndReversiblePhysicsLifecycle(51)" methodname="AuthoredLevelHasStableSpawnAndReversiblePhysicsLifecycle" classname="GravityBox.Tests.CampaignLifecycleTests" runstate="Runnable" seed="1915900673" result="Passed" start-time="2026-09-09 12:35:37Z" end-time="2026-09-09 12:35:37Z" duration="0.026005" asserts="0">
                <properties>
                  <property name="retryIteration" value="0" />
                  <property name="repeatIteration" value="0" />
                </properties>
              </test-case>
              <test-case id="1217" name="AuthoredLevelHasStableSpawnAndReversiblePhysicsLifecycle(52)" fullname="GravityBox.Tests.CampaignLifecycleTests.AuthoredLevelHasStableSpawnAndReversiblePhysicsLifecycle(52)" methodname="AuthoredLevelHasStableSpawnAndReversiblePhysicsLifecycle" classname="GravityBox.Tests.CampaignLifecycleTests" runstate="Runnable" seed="1506425967" result="Passed" start-time="2026-09-09 12:35:37Z" end-time="2026-09-09 12:35:38Z" duration="0.026655" asserts="0">
                <properties>
                  <property name="retryIteration" value="0" />
                  <property name="repeatIteration" value="0" />
                </properties>
              </test-case>
              <test-case id="1218" name="AuthoredLevelHasStableSpawnAndReversiblePhysicsLifecycle(53)" fullname="GravityBox.Tests.CampaignLifecycleTests.AuthoredLevelHasStableSpawnAndReversiblePhysicsLifecycle(53)" methodname="AuthoredLevelHasStableSpawnAndReversiblePhysicsLifecycle" classname="GravityBox.Tests.CampaignLifecycleTests" runstate="Runnable" seed="490378393" result="Passed" start-time="2026-09-09 12:35:38Z" end-time="2026-09-09 12:35:38Z" duration="0.026374" asserts="0">
                <properties>
                  <property name="retryIteration" value="0" />
                  <property name="repeatIteration" value="0" />
                </properties>
              </test-case>
              <test-case id="1219" name="AuthoredLevelHasStableSpawnAndReversiblePhysicsLifecycle(54)" fullname="GravityBox.Tests.CampaignLifecycleTests.AuthoredLevelHasStableSpawnAndReversiblePhysicsLifecycle(54)" methodname="AuthoredLevelHasStableSpawnAndReversiblePhysicsLifecycle" classname="GravityBox.Tests.CampaignLifecycleTests" runstate="Runnable" seed="1179684602" result="Passed" start-time="2026-09-09 12:35:38Z" end-time="2026-09-09 12:35:38Z" duration="0.025824" asserts="0">
                <properties>
                  <property name="retryIteration" value="0" />
                  <property name="repeatIteration" value="0" />
                </properties>
              </test-case>
              <test-case id="1220" name="AuthoredLevelHasStableSpawnAndReversiblePhysicsLifecycle(55)" fullname="GravityBox.Tests.CampaignLifecycleTests.AuthoredLevelHasStableSpawnAndReversiblePhysicsLifecycle(55)" methodname="AuthoredLevelHasStableSpawnAndReversiblePhysicsLifecycle" classname="GravityBox.Tests.CampaignLifecycleTests" runstate="Runnable" seed="423105338" result="Passed" start-time="2026-09-09 12:35:38Z" end-time="2026-09-09 12:35:38Z" duration="0.026139" asserts="0">
                <properties>
                  <property name="retryIteration" value="0" />
                  <property name="repeatIteration" value="0" />
                </properties>
              </test-case>
              <test-case id="1221" name="AuthoredLevelHasStableSpawnAndReversiblePhysicsLifecycle(56)" fullname="GravityBox.Tests.CampaignLifecycleTests.AuthoredLevelHasStableSpawnAndReversiblePhysicsLifecycle(56)" methodname="AuthoredLevelHasStableSpawnAndReversiblePhysicsLifecycle" classname="GravityBox.Tests.CampaignLifecycleTests" runstate="Runnable" seed="472541782" result="Passed" start-time="2026-09-09 12:35:38Z" end-time="2026-09-09 12:35:38Z" duration="0.027161" asserts="0">
                <properties>
                  <property name="retryIteration" value="0" />
                  <property name="repeatIteration" value="0" />
                </properties>
              </test-case>
              <test-case id="1222" name="AuthoredLevelHasStableSpawnAndReversiblePhysicsLifecycle(57)" fullname="GravityBox.Tests.CampaignLifecycleTests.AuthoredLevelHasStableSpawnAndReversiblePhysicsLifecycle(57)" methodname="AuthoredLevelHasStableSpawnAndReversiblePhysicsLifecycle" classname="GravityBox.Tests.CampaignLifecycleTests" runstate="Runnable" seed="1186042216" result="Passed" start-time="2026-09-09 12:35:38Z" end-time="2026-09-09 12:35:38Z" duration="0.026506" asserts="0">
                <properties>
                  <property name="retryIteration" value="0" />
                  <property name="repeatIteration" value="0" />
                </properties>
              </test-case>
              <test-case id="1223" name="AuthoredLevelHasStableSpawnAndReversiblePhysicsLifecycle(58)" fullname="GravityBox.Tests.CampaignLifecycleTests.AuthoredLevelHasStableSpawnAndReversiblePhysicsLifecycle(58)" methodname="AuthoredLevelHasStableSpawnAndReversiblePhysicsLifecycle" classname="GravityBox.Tests.CampaignLifecycleTests" runstate="Runnable" seed="1337012556" result="Passed" start-time="2026-09-09 12:35:38Z" end-time="2026-09-09 12:35:38Z" duration="0.031529" asserts="0">
                <properties>
                  <property name="retryIteration" value="0" />
                  <property name="repeatIteration" value="0" />
                </properties>
              </test-case>
              <test-case id="1224" name="AuthoredLevelHasStableSpawnAndReversiblePhysicsLifecycle(59)" fullname="GravityBox.Tests.CampaignLifecycleTests.AuthoredLevelHasStableSpawnAndReversiblePhysicsLifecycle(59)" methodname="AuthoredLevelHasStableSpawnAndReversiblePhysicsLifecycle" classname="GravityBox.Tests.CampaignLifecycleTests" runstate="Runnable" seed="642213450" result="Passed" start-time="2026-09-09 12:35:38Z" end-time="2026-09-09 12:35:38Z" duration="0.026250" asserts="0">
                <properties>
                  <property name="retryIteration" value="0" />
                  <property name="repeatIteration" value="0" />
                </properties>
              </test-case>
              <test-case id="1225" name="AuthoredLevelHasStableSpawnAndReversiblePhysicsLifecycle(60)" fullname="GravityBox.Tests.CampaignLifecycleTests.AuthoredLevelHasStableSpawnAndReversiblePhysicsLifecycle(60)" methodname="AuthoredLevelHasStableSpawnAndReversiblePhysicsLifecycle" classname="GravityBox.Tests.CampaignLifecycleTests" runstate="Runnable" seed="748036314" result="Passed" start-time="2026-09-09 12:35:38Z" end-time="2026-09-09 12:35:38Z" duration="0.032745" asserts="0">
                <properties>
                  <property name="retryIteration" value="0" />
                  <property name="repeatIteration" value="0" />
                </properties>
              </test-case>
              <test-case id="1226" name="AuthoredLevelHasStableSpawnAndReversiblePhysicsLifecycle(61)" fullname="GravityBox.Tests.CampaignLifecycleTests.AuthoredLevelHasStableSpawnAndReversiblePhysicsLifecycle(61)" methodname="AuthoredLevelHasStableSpawnAndReversiblePhysicsLifecycle" classname="GravityBox.Tests.CampaignLifecycleTests" runstate="Runnable" seed="362706144" result="Passed" start-time="2026-09-09 12:35:38Z" end-time="2026-09-09 12:35:38Z" duration="0.026702" asserts="0">
                <properties>
                  <property name="retryIteration" value="0" />
                  <property name="repeatIteration" value="0" />
                </properties>
              </test-case>
              <test-case id="1227" name="AuthoredLevelHasStableSpawnAndReversiblePhysicsLifecycle(62)" fullname="GravityBox.Tests.CampaignLifecycleTests.AuthoredLevelHasStableSpawnAndReversiblePhysicsLifecycle(62)" methodname="AuthoredLevelHasStableSpawnAndReversiblePhysicsLifecycle" classname="GravityBox.Tests.CampaignLifecycleTests" runstate="Runnable" seed="124597789" result="Passed" start-time="2026-09-09 12:35:38Z" end-time="2026-09-09 12:35:38Z" duration="0.035949" asserts="0">
                <properties>
                  <property name="retryIteration" value="0" />
                  <property name="repeatIteration" value="0" />
                </properties>
              </test-case>
              <test-case id="1228" name="AuthoredLevelHasStableSpawnAndReversiblePhysicsLifecycle(63)" fullname="GravityBox.Tests.CampaignLifecycleTests.AuthoredLevelHasStableSpawnAndReversiblePhysicsLifecycle(63)" methodname="AuthoredLevelHasStableSpawnAndReversiblePhysicsLifecycle" classname="GravityBox.Tests.CampaignLifecycleTests" runstate="Runnable" seed="1135870169" result="Passed" start-time="2026-09-09 12:35:38Z" end-time="2026-09-09 12:35:38Z" duration="0.029562" asserts="0">
                <properties>
                  <property name="retryIteration" value="0" />
                  <property name="repeatIteration" value="0" />
                </properties>
              </test-case>
              <test-case id="1229" name="AuthoredLevelHasStableSpawnAndReversiblePhysicsLifecycle(64)" fullname="GravityBox.Tests.CampaignLifecycleTests.AuthoredLevelHasStableSpawnAndReversiblePhysicsLifecycle(64)" methodname="AuthoredLevelHasStableSpawnAndReversiblePhysicsLifecycle" classname="GravityBox.Tests.CampaignLifecycleTests" runstate="Runnable" seed="705195401" result="Passed" start-time="2026-09-09 12:35:38Z" end-time="2026-09-09 12:35:38Z" duration="0.030842" asserts="0">
                <properties>
                  <property name="retryIteration" value="0" />
                  <property name="repeatIteration" value="0" />
                </properties>
              </test-case>
              <test-case id="1230" name="AuthoredLevelHasStableSpawnAndReversiblePhysicsLifecycle(65)" fullname="GravityBox.Tests.CampaignLifecycleTests.AuthoredLevelHasStableSpawnAndReversiblePhysicsLifecycle(65)" methodname="AuthoredLevelHasStableSpawnAndReversiblePhysicsLifecycle" classname="GravityBox.Tests.CampaignLifecycleTests" runstate="Runnable" seed="651912825" result="Passed" start-time="2026-09-09 12:35:38Z" end-time="2026-09-09 12:35:38Z" duration="0.028370" asserts="0">
                <properties>
                  <property name="retryIteration" value="0" />
                  <property name="repeatIteration" value="0" />
                </properties>
              </test-case>
              <test-case id="1231" name="AuthoredLevelHasStableSpawnAndReversiblePhysicsLifecycle(66)" fullname="GravityBox.Tests.CampaignLifecycleTests.AuthoredLevelHasStableSpawnAndReversiblePhysicsLifecycle(66)" methodname="AuthoredLevelHasStableSpawnAndReversiblePhysicsLifecycle" classname="GravityBox.Tests.CampaignLifecycleTests" runstate="Runnable" seed="2137256351" result="Passed" start-time="2026-09-09 12:35:38Z" end-time="2026-09-09 12:35:38Z" duration="0.028793" asserts="0">
                <properties>
                  <property name="retryIteration" value="0" />
                  <property name="repeatIteration" value="0" />
                </properties>
              </test-case>
              <test-case id="1232" name="AuthoredLevelHasStableSpawnAndReversiblePhysicsLifecycle(67)" fullname="GravityBox.Tests.CampaignLifecycleTests.AuthoredLevelHasStableSpawnAndReversiblePhysicsLifecycle(67)" methodname="AuthoredLevelHasStableSpawnAndReversiblePhysicsLifecycle" classname="GravityBox.Tests.CampaignLifecycleTests" runstate="Runnable" seed="390066265" result="Passed" start-time="2026-09-09 12:35:38Z" end-time="2026-09-09 12:35:38Z" duration="0.042591" asserts="0">
                <properties>
                  <property name="retryIteration" value="0" />
                  <property name="repeatIteration" value="0" />
                </properties>
              </test-case>
              <test-case id="1233" name="AuthoredLevelHasStableSpawnAndReversiblePhysicsLifecycle(68)" fullname="GravityBox.Tests.CampaignLifecycleTests.AuthoredLevelHasStableSpawnAndReversiblePhysicsLifecycle(68)" methodname="AuthoredLevelHasStableSpawnAndReversiblePhysicsLifecycle" classname="GravityBox.Tests.CampaignLifecycleTests" runstate="Runnable" seed="1804595457" result="Passed" start-time="2026-09-09 12:35:38Z" end-time="2026-09-09 12:35:38Z" duration="0.041476" asserts="0">
                <properties>
                  <property name="retryIteration" value="0" />
                  <property name="repeatIteration" value="0" />
                </properties>
              </test-case>
              <test-case id="1234" name="AuthoredLevelHasStableSpawnAndReversiblePhysicsLifecycle(69)" fullname="GravityBox.Tests.CampaignLifecycleTests.AuthoredLevelHasStableSpawnAndReversiblePhysicsLifecycle(69)" methodname="AuthoredLevelHasStableSpawnAndReversiblePhysicsLifecycle" classname="GravityBox.Tests.CampaignLifecycleTests" runstate="Runnable" seed="98801068" result="Passed" start-time="2026-09-09 12:35:38Z" end-time="2026-09-09 12:35:38Z" duration="0.028646" asserts="0">
                <properties>
                  <property name="retryIteration" value="0" />
                  <property name="repeatIteration" value="0" />
                </properties>
              </test-case>
              <test-case id="1235" name="AuthoredLevelHasStableSpawnAndReversiblePhysicsLifecycle(70)" fullname="GravityBox.Tests.CampaignLifecycleTests.AuthoredLevelHasStableSpawnAndReversiblePhysicsLifecycle(70)" methodname="AuthoredLevelHasStableSpawnAndReversiblePhysicsLifecycle" classname="GravityBox.Tests.CampaignLifecycleTests" runstate="Runnable" seed="327636990" result="Passed" start-time="2026-09-09 12:35:38Z" end-time="2026-09-09 12:35:38Z" duration="0.029087" asserts="0">
                <properties>
                  <property name="retryIteration" value="0" />
                  <property name="repeatIteration" value="0" />
                </properties>
              </test-case>
              <test-case id="1236" name="AuthoredLevelHasStableSpawnAndReversiblePhysicsLifecycle(71)" fullname="GravityBox.Tests.CampaignLifecycleTests.AuthoredLevelHasStableSpawnAndReversiblePhysicsLifecycle(71)" methodname="AuthoredLevelHasStableSpawnAndReversiblePhysicsLifecycle" classname="GravityBox.Tests.CampaignLifecycleTests" runstate="Runnable" seed="128757717" result="Passed" start-time="2026-09-09 12:35:38Z" end-time="2026-09-09 12:35:38Z" duration="0.028183" asserts="0">
                <properties>
                  <property name="retryIteration" value="0" />
                  <property name="repeatIteration" value="0" />
                </properties>
              </test-case>
              <test-case id="1237" name="AuthoredLevelHasStableSpawnAndReversiblePhysicsLifecycle(72)" fullname="GravityBox.Tests.CampaignLifecycleTests.AuthoredLevelHasStableSpawnAndReversiblePhysicsLifecycle(72)" methodname="AuthoredLevelHasStableSpawnAndReversiblePhysicsLifecycle" classname="GravityBox.Tests.CampaignLifecycleTests" runstate="Runnable" seed="1036701190" result="Passed" start-time="2026-09-09 12:35:38Z" end-time="2026-09-09 12:35:38Z" duration="0.027865" asserts="0">
                <properties>
                  <property name="retryIteration" value="0" />
                  <property name="repeatIteration" value="0" />
                </properties>
              </test-case>
              <test-case id="1238" name="AuthoredLevelHasStableSpawnAndReversiblePhysicsLifecycle(73)" fullname="GravityBox.Tests.CampaignLifecycleTests.AuthoredLevelHasStableSpawnAndReversiblePhysicsLifecycle(73)" methodname="AuthoredLevelHasStableSpawnAndReversiblePhysicsLifecycle" classname="GravityBox.Tests.CampaignLifecycleTests" runstate="Runnable" seed="905221258" result="Passed" start-time="2026-09-09 12:35:38Z" end-time="2026-09-09 12:35:38Z" duration="0.028187" asserts="0">
                <properties>
                  <property name="retryIteration" value="0" />
                  <property name="repeatIteration" value="0" />
                </properties>
              </test-case>
              <test-case id="1239" name="AuthoredLevelHasStableSpawnAndReversiblePhysicsLifecycle(74)" fullname="GravityBox.Tests.CampaignLifecycleTests.AuthoredLevelHasStableSpawnAndReversiblePhysicsLifecycle(74)" methodname="AuthoredLevelHasStableSpawnAndReversiblePhysicsLifecycle" classname="GravityBox.Tests.CampaignLifecycleTests" runstate="Runnable" seed="1594061639" result="Passed" start-time="2026-09-09 12:35:38Z" end-time="2026-09-09 12:35:38Z" duration="0.029206" asserts="0">
                <properties>
                  <property name="retryIteration" value="0" />
                  <property name="repeatIteration" value="0" />
                </properties>
              </test-case>
              <test-case id="1240" name="AuthoredLevelHasStableSpawnAndReversiblePhysicsLifecycle(75)" fullname="GravityBox.Tests.CampaignLifecycleTests.AuthoredLevelHasStableSpawnAndReversiblePhysicsLifecycle(75)" methodname="AuthoredLevelHasStableSpawnAndReversiblePhysicsLifecycle" classname="GravityBox.Tests.CampaignLifecycleTests" runstate="Runnable" seed="1375373057" result="Passed" start-time="2026-09-09 12:35:38Z" end-time="2026-09-09 12:35:38Z" duration="0.028021" asserts="0">
                <properties>
                  <property name="retryIteration" value="0" />
                  <property name="repeatIteration" value="0" />
                </properties>
              </test-case>
              <test-case id="1241" name="AuthoredLevelHasStableSpawnAndReversiblePhysicsLifecycle(76)" fullname="GravityBox.Tests.CampaignLifecycleTests.AuthoredLevelHasStableSpawnAndReversiblePhysicsLifecycle(76)" methodname="AuthoredLevelHasStableSpawnAndReversiblePhysicsLifecycle" classname="GravityBox.Tests.CampaignLifecycleTests" runstate="Runnable" seed="1111877429" result="Passed" start-time="2026-09-09 12:35:38Z" end-time="2026-09-09 12:35:38Z" duration="0.029363" asserts="0">
                <properties>
                  <property name="retryIteration" value="0" />
                  <property name="repeatIteration" value="0" />
                </properties>
              </test-case>
              <test-case id="1242" name="AuthoredLevelHasStableSpawnAndReversiblePhysicsLifecycle(77)" fullname="GravityBox.Tests.CampaignLifecycleTests.AuthoredLevelHasStableSpawnAndReversiblePhysicsLifecycle(77)" methodname="AuthoredLevelHasStableSpawnAndReversiblePhysicsLifecycle" classname="GravityBox.Tests.CampaignLifecycleTests" runstate="Runnable" seed="1124312686" result="Passed" start-time="2026-09-09 12:35:38Z" end-time="2026-09-09 12:35:38Z" duration="0.041989" asserts="0">
                <properties>
                  <property name="retryIteration" value="0" />
                  <property name="repeatIteration" value="0" />
                </properties>
              </test-case>
              <test-case id="1243" name="AuthoredLevelHasStableSpawnAndReversiblePhysicsLifecycle(78)" fullname="GravityBox.Tests.CampaignLifecycleTests.AuthoredLevelHasStableSpawnAndReversiblePhysicsLifecycle(78)" methodname="AuthoredLevelHasStableSpawnAndReversiblePhysicsLifecycle" classname="GravityBox.Tests.CampaignLifecycleTests" runstate="Runnable" seed="801913768" result="Passed" start-time="2026-09-09 12:35:38Z" end-time="2026-09-09 12:35:38Z" duration="0.043776" asserts="0">
                <properties>
                  <property name="retryIteration" value="0" />
                  <property name="repeatIteration" value="0" />
                </properties>
              </test-case>
              <test-case id="1244" name="AuthoredLevelHasStableSpawnAndReversiblePhysicsLifecycle(79)" fullname="GravityBox.Tests.CampaignLifecycleTests.AuthoredLevelHasStableSpawnAndReversiblePhysicsLifecycle(79)" methodname="AuthoredLevelHasStableSpawnAndReversiblePhysicsLifecycle" classname="GravityBox.Tests.CampaignLifecycleTests" runstate="Runnable" seed="851200317" result="Passed" start-time="2026-09-09 12:35:38Z" end-time="2026-09-09 12:35:38Z" duration="0.027202" asserts="0">
                <properties>
                  <property name="retryIteration" value="0" />
                  <property name="repeatIteration" value="0" />
                </properties>
              </test-case>
              <test-case id="1245" name="AuthoredLevelHasStableSpawnAndReversiblePhysicsLifecycle(80)" fullname="GravityBox.Tests.CampaignLifecycleTests.AuthoredLevelHasStableSpawnAndReversiblePhysicsLifecycle(80)" methodname="AuthoredLevelHasStableSpawnAndReversiblePhysicsLifecycle" classname="GravityBox.Tests.CampaignLifecycleTests" runstate="Runnable" seed="697330940" result="Passed" start-time="2026-09-09 12:35:38Z" end-time="2026-09-09 12:35:38Z" duration="0.027597" asserts="0">
                <properties>
                  <property name="retryIteration" value="0" />
                  <property name="repeatIteration" value="0" />
                </properties>
              </test-case>
              <test-case id="1246" name="AuthoredLevelHasStableSpawnAndReversiblePhysicsLifecycle(81)" fullname="GravityBox.Tests.CampaignLifecycleTests.AuthoredLevelHasStableSpawnAndReversiblePhysicsLifecycle(81)" methodname="AuthoredLevelHasStableSpawnAndReversiblePhysicsLifecycle" classname="GravityBox.Tests.CampaignLifecycleTests" runstate="Runnable" seed="570118252" result="Passed" start-time="2026-09-09 12:35:38Z" end-time="2026-09-09 12:35:38Z" duration="0.025092" asserts="0">
                <properties>
                  <property name="retryIteration" value="0" />
                  <property name="repeatIteration" value="0" />
                </properties>
              </test-case>
              <test-case id="1247" name="AuthoredLevelHasStableSpawnAndReversiblePhysicsLifecycle(82)" fullname="GravityBox.Tests.CampaignLifecycleTests.AuthoredLevelHasStableSpawnAndReversiblePhysicsLifecycle(82)" methodname="AuthoredLevelHasStableSpawnAndReversiblePhysicsLifecycle" classname="GravityBox.Tests.CampaignLifecycleTests" runstate="Runnable" seed="944419035" result="Passed" start-time="2026-09-09 12:35:38Z" end-time="2026-09-09 12:35:38Z" duration="0.024795" asserts="0">
                <properties>
                  <property name="retryIteration" value="0" />
                  <property name="repeatIteration" value="0" />
                </properties>
              </test-case>
              <test-case id="1248" name="AuthoredLevelHasStableSpawnAndReversiblePhysicsLifecycle(83)" fullname="GravityBox.Tests.CampaignLifecycleTests.AuthoredLevelHasStableSpawnAndReversiblePhysicsLifecycle(83)" methodname="AuthoredLevelHasStableSpawnAndReversiblePhysicsLifecycle" classname="GravityBox.Tests.CampaignLifecycleTests" runstate="Runnable" seed="1216668378" result="Passed" start-time="2026-09-09 12:35:38Z" end-time="2026-09-09 12:35:38Z" duration="0.024557" asserts="0">
                <properties>
                  <property name="retryIteration" value="0" />
                  <property name="repeatIteration" value="0" />
                </properties>
              </test-case>
              <test-case id="1249" name="AuthoredLevelHasStableSpawnAndReversiblePhysicsLifecycle(84)" fullname="GravityBox.Tests.CampaignLifecycleTests.AuthoredLevelHasStableSpawnAndReversiblePhysicsLifecycle(84)" methodname="AuthoredLevelHasStableSpawnAndReversiblePhysicsLifecycle" classname="GravityBox.Tests.CampaignLifecycleTests" runstate="Runnable" seed="890145648" result="Passed" start-time="2026-09-09 12:35:38Z" end-time="2026-09-09 12:35:38Z" duration="0.024899" asserts="0">
                <properties>
                  <property name="retryIteration" value="0" />
                  <property name="repeatIteration" value="0" />
                </properties>
              </test-case>
              <test-case id="1250" name="AuthoredLevelHasStableSpawnAndReversiblePhysicsLifecycle(85)" fullname="GravityBox.Tests.CampaignLifecycleTests.AuthoredLevelHasStableSpawnAndReversiblePhysicsLifecycle(85)" methodname="AuthoredLevelHasStableSpawnAndReversiblePhysicsLifecycle" classname="GravityBox.Tests.CampaignLifecycleTests" runstate="Runnable" seed="776613096" result="Passed" start-time="2026-09-09 12:35:38Z" end-time="2026-09-09 12:35:39Z" duration="0.026250" asserts="0">
                <properties>
                  <property name="retryIteration" value="0" />
                  <property name="repeatIteration" value="0" />
                </properties>
              </test-case>
              <test-case id="1251" name="AuthoredLevelHasStableSpawnAndReversiblePhysicsLifecycle(86)" fullname="GravityBox.Tests.CampaignLifecycleTests.AuthoredLevelHasStableSpawnAndReversiblePhysicsLifecycle(86)" methodname="AuthoredLevelHasStableSpawnAndReversiblePhysicsLifecycle" classname="GravityBox.Tests.CampaignLifecycleTests" runstate="Runnable" seed="1559100877" result="Passed" start-time="2026-09-09 12:35:39Z" end-time="2026-09-09 12:35:39Z" duration="0.033819" asserts="0">
                <properties>
                  <property name="retryIteration" value="0" />
                  <property name="repeatIteration" value="0" />
                </properties>
              </test-case>
              <test-case id="1252" name="AuthoredLevelHasStableSpawnAndReversiblePhysicsLifecycle(87)" fullname="GravityBox.Tests.CampaignLifecycleTests.AuthoredLevelHasStableSpawnAndReversiblePhysicsLifecycle(87)" methodname="AuthoredLevelHasStableSpawnAndReversiblePhysicsLifecycle" classname="GravityBox.Tests.CampaignLifecycleTests" runstate="Runnable" seed="1167177575" result="Passed" start-time="2026-09-09 12:35:39Z" end-time="2026-09-09 12:35:39Z" duration="0.033002" asserts="0">
                <properties>
                  <property name="retryIteration" value="0" />
                  <property name="repeatIteration" value="0" />
                </properties>
              </test-case>
              <test-case id="1253" name="AuthoredLevelHasStableSpawnAndReversiblePhysicsLifecycle(88)" fullname="GravityBox.Tests.CampaignLifecycleTests.AuthoredLevelHasStableSpawnAndReversiblePhysicsLifecycle(88)" methodname="AuthoredLevelHasStableSpawnAndReversiblePhysicsLifecycle" classname="GravityBox.Tests.CampaignLifecycleTests" runstate="Runnable" seed="1999444833" result="Passed" start-time="2026-09-09 12:35:39Z" end-time="2026-09-09 12:35:39Z" duration="0.034461" asserts="0">
                <properties>
                  <property name="retryIteration" value="0" />
                  <property name="repeatIteration" value="0" />
                </properties>
              </test-case>
              <test-case id="1254" name="AuthoredLevelHasStableSpawnAndReversiblePhysicsLifecycle(89)" fullname="GravityBox.Tests.CampaignLifecycleTests.AuthoredLevelHasStableSpawnAndReversiblePhysicsLifecycle(89)" methodname="AuthoredLevelHasStableSpawnAndReversiblePhysicsLifecycle" classname="GravityBox.Tests.CampaignLifecycleTests" runstate="Runnable" seed="126701393" result="Passed" start-time="2026-09-09 12:35:39Z" end-time="2026-09-09 12:35:39Z" duration="0.033332" asserts="0">
                <properties>
                  <property name="retryIteration" value="0" />
                  <property name="repeatIteration" value="0" />
                </properties>
              </test-case>
              <test-case id="1255" name="AuthoredLevelHasStableSpawnAndReversiblePhysicsLifecycle(90)" fullname="GravityBox.Tests.CampaignLifecycleTests.AuthoredLevelHasStableSpawnAndReversiblePhysicsLifecycle(90)" methodname="AuthoredLevelHasStableSpawnAndReversiblePhysicsLifecycle" classname="GravityBox.Tests.CampaignLifecycleTests" runstate="Runnable" seed="2128796537" result="Passed" start-time="2026-09-09 12:35:39Z" end-time="2026-09-09 12:35:39Z" duration="0.036820" asserts="0">
                <properties>
                  <property name="retryIteration" value="0" />
                  <property name="repeatIteration" value="0" />
                </properties>
              </test-case>
              <test-case id="1256" name="AuthoredLevelHasStableSpawnAndReversiblePhysicsLifecycle(91)" fullname="GravityBox.Tests.CampaignLifecycleTests.AuthoredLevelHasStableSpawnAndReversiblePhysicsLifecycle(91)" methodname="AuthoredLevelHasStableSpawnAndReversiblePhysicsLifecycle" classname="GravityBox.Tests.CampaignLifecycleTests" runstate="Runnable" seed="802186521" result="Passed" start-time="2026-09-09 12:35:39Z" end-time="2026-09-09 12:35:39Z" duration="0.041592" asserts="0">
                <properties>
                  <property name="retryIteration" value="0" />
                  <property name="repeatIteration" value="0" />
                </properties>
              </test-case>
              <test-case id="1257" name="AuthoredLevelHasStableSpawnAndReversiblePhysicsLifecycle(92)" fullname="GravityBox.Tests.CampaignLifecycleTests.AuthoredLevelHasStableSpawnAndReversiblePhysicsLifecycle(92)" methodname="AuthoredLevelHasStableSpawnAndReversiblePhysicsLifecycle" classname="GravityBox.Tests.CampaignLifecycleTests" runstate="Runnable" seed="1053184862" result="Passed" start-time="2026-09-09 12:35:39Z" end-time="2026-09-09 12:35:39Z" duration="0.058151" asserts="0">
                <properties>
                  <property name="retryIteration" value="0" />
                  <property name="repeatIteration" value="0" />
                </properties>
              </test-case>
              <test-case id="1258" name="AuthoredLevelHasStableSpawnAndReversiblePhysicsLifecycle(93)" fullname="GravityBox.Tests.CampaignLifecycleTests.AuthoredLevelHasStableSpawnAndReversiblePhysicsLifecycle(93)" methodname="AuthoredLevelHasStableSpawnAndReversiblePhysicsLifecycle" classname="GravityBox.Tests.CampaignLifecycleTests" runstate="Runnable" seed="1873053517" result="Passed" start-time="2026-09-09 12:35:39Z" end-time="2026-09-09 12:35:39Z" duration="0.049409" asserts="0">
                <properties>
                  <property name="retryIteration" value="0" />
                  <property name="repeatIteration" value="0" />
                </properties>
              </test-case>
              <test-case id="1259" name="AuthoredLevelHasStableSpawnAndReversiblePhysicsLifecycle(94)" fullname="GravityBox.Tests.CampaignLifecycleTests.AuthoredLevelHasStableSpawnAndReversiblePhysicsLifecycle(94)" methodname="AuthoredLevelHasStableSpawnAndReversiblePhysicsLifecycle" classname="GravityBox.Tests.CampaignLifecycleTests" runstate="Runnable" seed="951026380" result="Passed" start-time="2026-09-09 12:35:39Z" end-time="2026-09-09 12:35:39Z" duration="0.040881" asserts="0">
                <properties>
                  <property name="retryIteration" value="0" />
                  <property name="repeatIteration" value="0" />
                </properties>
              </test-case>
              <test-case id="1260" name="AuthoredLevelHasStableSpawnAndReversiblePhysicsLifecycle(95)" fullname="GravityBox.Tests.CampaignLifecycleTests.AuthoredLevelHasStableSpawnAndReversiblePhysicsLifecycle(95)" methodname="AuthoredLevelHasStableSpawnAndReversiblePhysicsLifecycle" classname="GravityBox.Tests.CampaignLifecycleTests" runstate="Runnable" seed="810657799" result="Passed" start-time="2026-09-09 12:35:39Z" end-time="2026-09-09 12:35:39Z" duration="0.060848" asserts="0">
                <properties>
                  <property name="retryIteration" value="0" />
                  <property name="repeatIteration" value="0" />
                </properties>
              </test-case>
              <test-case id="1261" name="AuthoredLevelHasStableSpawnAndReversiblePhysicsLifecycle(96)" fullname="GravityBox.Tests.CampaignLifecycleTests.AuthoredLevelHasStableSpawnAndReversiblePhysicsLifecycle(96)" methodname="AuthoredLevelHasStableSpawnAndReversiblePhysicsLifecycle" classname="GravityBox.Tests.CampaignLifecycleTests" runstate="Runnable" seed="863372829" result="Passed" start-time="2026-09-09 12:35:39Z" end-time="2026-09-09 12:35:39Z" duration="0.027473" asserts="0">
                <properties>
                  <property name="retryIteration" value="0" />
                  <property name="repeatIteration" value="0" />
                </properties>
              </test-case>
              <test-case id="1262" name="AuthoredLevelHasStableSpawnAndReversiblePhysicsLifecycle(97)" fullname="GravityBox.Tests.CampaignLifecycleTests.AuthoredLevelHasStableSpawnAndReversiblePhysicsLifecycle(97)" methodname="AuthoredLevelHasStableSpawnAndReversiblePhysicsLifecycle" classname="GravityBox.Tests.CampaignLifecycleTests" runstate="Runnable" seed="572807679" result="Passed" start-time="2026-09-09 12:35:39Z" end-time="2026-09-09 12:35:39Z" duration="0.037245" asserts="0">
                <properties>
                  <property name="retryIteration" value="0" />
                  <property name="repeatIteration" value="0" />
                </properties>
              </test-case>
              <test-case id="1263" name="AuthoredLevelHasStableSpawnAndReversiblePhysicsLifecycle(98)" fullname="GravityBox.Tests.CampaignLifecycleTests.AuthoredLevelHasStableSpawnAndReversiblePhysicsLifecycle(98)" methodname="AuthoredLevelHasStableSpawnAndReversiblePhysicsLifecycle" classname="GravityBox.Tests.CampaignLifecycleTests" runstate="Runnable" seed="342680409" result="Passed" start-time="2026-09-09 12:35:39Z" end-time="2026-09-09 12:35:39Z" duration="0.055984" asserts="0">
                <properties>
                  <property name="retryIteration" value="0" />
                  <property name="repeatIteration" value="0" />
                </properties>
              </test-case>
              <test-case id="1264" name="AuthoredLevelHasStableSpawnAndReversiblePhysicsLifecycle(99)" fullname="GravityBox.Tests.CampaignLifecycleTests.AuthoredLevelHasStableSpawnAndReversiblePhysicsLifecycle(99)" methodname="AuthoredLevelHasStableSpawnAndReversiblePhysicsLifecycle" classname="GravityBox.Tests.CampaignLifecycleTests" runstate="Runnable" seed="737663087" result="Passed" start-time="2026-09-09 12:35:39Z" end-time="2026-09-09 12:35:39Z" duration="0.037043" asserts="0">
                <properties>
                  <property name="retryIteration" value="0" />
                  <property name="repeatIteration" value="0" />
                </properties>
              </test-case>
              <test-case id="1265" name="AuthoredLevelHasStableSpawnAndReversiblePhysicsLifecycle(100)" fullname="GravityBox.Tests.CampaignLifecycleTests.AuthoredLevelHasStableSpawnAndReversiblePhysicsLifecycle(100)" methodname="AuthoredLevelHasStableSpawnAndReversiblePhysicsLifecycle" classname="GravityBox.Tests.CampaignLifecycleTests" runstate="Runnable" seed="1866063669" result="Passed" start-time="2026-09-09 12:35:39Z" end-time="2026-09-09 12:35:39Z" duration="0.066247" asserts="0">
                <properties>
                  <property name="retryIteration" value="0" />
                  <property name="repeatIteration" value="0" />
                </properties>
              </test-case>
            </test-suite>
            <test-case id="1368" name="BossReplayUsesVisualCopiesAndResetRestoresSimulation" fullname="GravityBox.Tests.CampaignLifecycleTests.BossReplayUsesVisualCopiesAndResetRestoresSimulation" methodname="BossReplayUsesVisualCopiesAndResetRestoresSimulation" classname="GravityBox.Tests.CampaignLifecycleTests" runstate="Runnable" seed="1507952560" result="Passed" start-time="2026-09-09 12:35:39Z" end-time="2026-09-09 12:35:39Z" duration="0.016195" asserts="0">
              <properties>
                <property name="retryIteration" value="0" />
                <property name="repeatIteration" value="0" />
              </properties>
            </test-case>
            <test-case id="1369" name="CampaignHudLoadsChapterBoundariesAndLabWithoutRuntimeErrors" fullname="GravityBox.Tests.CampaignLifecycleTests.CampaignHudLoadsChapterBoundariesAndLabWithoutRuntimeErrors" methodname="CampaignHudLoadsChapterBoundariesAndLabWithoutRuntimeErrors" classname="GravityBox.Tests.CampaignLifecycleTests" runstate="Runnable" seed="175274517" result="Passed" start-time="2026-09-09 12:35:39Z" end-time="2026-09-09 12:35:39Z" duration="0.118381" asserts="0">
              <properties>
                <property name="_JOINTYPE" value="UnityCombinatorial" />
                <property name="retryIteration" value="0" />
                <property name="repeatIteration" value="0" />
              </properties>
            </test-case>
            <test-suite type="ParameterizedMethod" id="1367" name="FinalApertureAdmitsEachWholeBallAndNeverCompletesEarly" fullname="GravityBox.Tests.CampaignLifecycleTests.FinalApertureAdmitsEachWholeBallAndNeverCompletesEarly" classname="GravityBox.Tests.CampaignLifecycleTests" runstate="Runnable" testcasecount="100" result="Passed" start-time="2026-09-09 12:35:39Z" end-time="2026-09-09 12:35:40Z" duration="0.229053" total="100" passed="100" failed="0" inconclusive="0" skipped="0" asserts="0">
              <properties />
              <test-case id="1267" name="FinalApertureAdmitsEachWholeBallAndNeverCompletesEarly(1)" fullname="GravityBox.Tests.CampaignLifecycleTests.FinalApertureAdmitsEachWholeBallAndNeverCompletesEarly(1)" methodname="FinalApertureAdmitsEachWholeBallAndNeverCompletesEarly" classname="GravityBox.Tests.CampaignLifecycleTests" runstate="Runnable" seed="1646229476" result="Passed" start-time="2026-09-09 12:35:39Z" end-time="2026-09-09 12:35:39Z" duration="0.001989" asserts="0">
                <properties>
                  <property name="retryIteration" value="0" />
                  <property name="repeatIteration" value="0" />
                </properties>
              </test-case>
              <test-case id="1268" name="FinalApertureAdmitsEachWholeBallAndNeverCompletesEarly(2)" fullname="GravityBox.Tests.CampaignLifecycleTests.FinalApertureAdmitsEachWholeBallAndNeverCompletesEarly(2)" methodname="FinalApertureAdmitsEachWholeBallAndNeverCompletesEarly" classname="GravityBox.Tests.CampaignLifecycleTests" runstate="Runnable" seed="639268567" result="Passed" start-time="2026-09-09 12:35:39Z" end-time="2026-09-09 12:35:39Z" duration="0.001314" asserts="0">
                <properties>
                  <property name="retryIteration" value="0" />
                  <property name="repeatIteration" value="0" />
                </properties>
              </test-case>
              <test-case id="1269" name="FinalApertureAdmitsEachWholeBallAndNeverCompletesEarly(3)" fullname="GravityBox.Tests.CampaignLifecycleTests.FinalApertureAdmitsEachWholeBallAndNeverCompletesEarly(3)" methodname="FinalApertureAdmitsEachWholeBallAndNeverCompletesEarly" classname="GravityBox.Tests.CampaignLifecycleTests" runstate="Runnable" seed="805666928" result="Passed" start-time="2026-09-09 12:35:39Z" end-time="2026-09-09 12:35:39Z" duration="0.001255" asserts="0">
                <properties>
                  <property name="retryIteration" value="0" />
                  <property name="repeatIteration" value="0" />
                </properties>
              </test-case>
              <test-case id="1270" name="FinalApertureAdmitsEachWholeBallAndNeverCompletesEarly(4)" fullname="GravityBox.Tests.CampaignLifecycleTests.FinalApertureAdmitsEachWholeBallAndNeverCompletesEarly(4)" methodname="FinalApertureAdmitsEachWholeBallAndNeverCompletesEarly" classname="GravityBox.Tests.CampaignLifecycleTests" runstate="Runnable" seed="947650248" result="Passed" start-time="2026-09-09 12:35:39Z" end-time="2026-09-09 12:35:39Z" duration="0.001409" asserts="0">
                <properties>
                  <property name="retryIteration" value="0" />
                  <property name="repeatIteration" value="0" />
                </properties>
              </test-case>
              <test-case id="1271" name="FinalApertureAdmitsEachWholeBallAndNeverCompletesEarly(5)" fullname="GravityBox.Tests.CampaignLifecycleTests.FinalApertureAdmitsEachWholeBallAndNeverCompletesEarly(5)" methodname="FinalApertureAdmitsEachWholeBallAndNeverCompletesEarly" classname="GravityBox.Tests.CampaignLifecycleTests" runstate="Runnable" seed="1046584921" result="Passed" start-time="2026-09-09 12:35:39Z" end-time="2026-09-09 12:35:39Z" duration="0.001561" asserts="0">
                <properties>
                  <property name="retryIteration" value="0" />
                  <property name="repeatIteration" value="0" />
                </properties>
              </test-case>
              <test-case id="1272" name="FinalApertureAdmitsEachWholeBallAndNeverCompletesEarly(6)" fullname="GravityBox.Tests.CampaignLifecycleTests.FinalApertureAdmitsEachWholeBallAndNeverCompletesEarly(6)" methodname="FinalApertureAdmitsEachWholeBallAndNeverCompletesEarly" classname="GravityBox.Tests.CampaignLifecycleTests" runstate="Runnable" seed="1751986258" result="Passed" start-time="2026-09-09 12:35:39Z" end-time="2026-09-09 12:35:39Z" duration="0.001264" asserts="0">
                <properties>
                  <property name="retryIteration" value="0" />
                  <property name="repeatIteration" value="0" />
                </properties>
              </test-case>
              <test-case id="1273" name="FinalApertureAdmitsEachWholeBallAndNeverCompletesEarly(7)" fullname="GravityBox.Tests.CampaignLifecycleTests.FinalApertureAdmitsEachWholeBallAndNeverCompletesEarly(7)" methodname="FinalApertureAdmitsEachWholeBallAndNeverCompletesEarly" classname="GravityBox.Tests.CampaignLifecycleTests" runstate="Runnable" seed="1719005233" result="Passed" start-time="2026-09-09 12:35:39Z" end-time="2026-09-09 12:35:39Z" duration="0.001199" asserts="0">
                <properties>
                  <property name="retryIteration" value="0" />
                  <property name="repeatIteration" value="0" />
[...]
                <properties>
                  <property name="retryIteration" value="0" />
                  <property name="repeatIteration" value="0" />
                </properties>
              </test-case>
            </test-suite>
            <test-case id="1385" name="RollingResistance_DissipatesContactEnergyWithoutDampingFreeFlight" fullname="GravityBox.Tests.SteelBallPhysicsTests.RollingResistance_DissipatesContactEnergyWithoutDampingFreeFlight" methodname="RollingResistance_DissipatesContactEnergyWithoutDampingFreeFlight" classname="GravityBox.Tests.SteelBallPhysicsTests" runstate="Runnable" seed="1380349410" result="Passed" start-time="2026-09-09 12:36:43Z" end-time="2026-09-09 12:36:43Z" duration="0.006860" asserts="0">
              <properties>
                <property name="retryIteration" value="0" />
                <property name="repeatIteration" value="0" />
              </properties>
              <output><![CDATA[Level rolling over 0.25 s: 0.30000 → 0.28599 m/s; kinetic energy 0.0069915 → 0.0063536 J; normal load 1.08868 N.
]]></output>
            </test-case>
            <test-suite type="ParameterizedMethod" id="1405" name="ShippedSteelBall_SettlesAtRestWithoutRecurringBouncesOrPulsingLoad" fullname="GravityBox.Tests.SteelBallPhysicsTests.ShippedSteelBall_SettlesAtRestWithoutRecurringBouncesOrPulsingLoad" classname="GravityBox.Tests.SteelBallPhysicsTests" runstate="Runnable" testcasecount="12" result="Passed" start-time="2026-09-09 12:36:43Z" end-time="2026-09-09 12:36:44Z" duration="0.963913" total="12" passed="12" failed="0" inconclusive="0" skipped="0" asserts="0">
              <properties />
              <test-case id="1393" name="ShippedSteelBall_SettlesAtRestWithoutRecurringBouncesOrPulsingLoad(0)" fullname="GravityBox.Tests.SteelBallPhysicsTests.ShippedSteelBall_SettlesAtRestWithoutRecurringBouncesOrPulsingLoad(0)" methodname="ShippedSteelBall_SettlesAtRestWithoutRecurringBouncesOrPulsingLoad" classname="GravityBox.Tests.SteelBallPhysicsTests" runstate="Runnable" seed="731027372" result="Passed" start-time="2026-09-09 12:36:43Z" end-time="2026-09-09 12:36:43Z" duration="0.077510" asserts="0">
                <properties>
                  <property name="retryIteration" value="0" />
                  <property name="repeatIteration" value="0" />
                </properties>
                <output><![CDATA[Shipped box 0: five seconds at rest, peak speed 0.000000 m/s, height range 0.0000000 m, contact load 1.08868–1.08868 N, recurrent impacts 0.
]]></output>
              </test-case>
              <test-case id="1394" name="ShippedSteelBall_SettlesAtRestWithoutRecurringBouncesOrPulsingLoad(1)" fullname="GravityBox.Tests.SteelBallPhysicsTests.ShippedSteelBall_SettlesAtRestWithoutRecurringBouncesOrPulsingLoad(1)" methodname="ShippedSteelBall_SettlesAtRestWithoutRecurringBouncesOrPulsingLoad" classname="GravityBox.Tests.SteelBallPhysicsTests" runstate="Runnable" seed="536665199" result="Passed" start-time="2026-09-09 12:36:43Z" end-time="2026-09-09 12:36:44Z" duration="0.076719" asserts="0">
                <properties>
                  <property name="retryIteration" value="0" />
                  <property name="repeatIteration" value="0" />
                </properties>
                <output><![CDATA[Shipped box 1: five seconds at rest, peak speed 0.000000 m/s, height range 0.0000000 m, contact load 1.08868–1.08868 N, recurrent impacts 0.
]]></output>
              </test-case>
              <test-case id="1395" name="ShippedSteelBall_SettlesAtRestWithoutRecurringBouncesOrPulsingLoad(2)" fullname="GravityBox.Tests.SteelBallPhysicsTests.ShippedSteelBall_SettlesAtRestWithoutRecurringBouncesOrPulsingLoad(2)" methodname="ShippedSteelBall_SettlesAtRestWithoutRecurringBouncesOrPulsingLoad" classname="GravityBox.Tests.SteelBallPhysicsTests" runstate="Runnable" seed="1596272236" result="Passed" start-time="2026-09-09 12:36:44Z" end-time="2026-09-09 12:36:44Z" duration="0.075852" asserts="0">
                <properties>
                  <property name="retryIteration" value="0" />
                  <property name="repeatIteration" value="0" />
                </properties>
                <output><![CDATA[Shipped box 2: five seconds at rest, peak speed 0.000000 m/s, height range 0.0000000 m, contact load 1.08868–1.08868 N, recurrent impacts 0.
]]></output>
              </test-case>
              <test-case id="1396" name="ShippedSteelBall_SettlesAtRestWithoutRecurringBouncesOrPulsingLoad(3)" fullname="GravityBox.Tests.SteelBallPhysicsTests.ShippedSteelBall_SettlesAtRestWithoutRecurringBouncesOrPulsingLoad(3)" methodname="ShippedSteelBall_SettlesAtRestWithoutRecurringBouncesOrPulsingLoad" classname="GravityBox.Tests.SteelBallPhysicsTests" runstate="Runnable" seed="2068834586" result="Passed" start-time="2026-09-09 12:36:44Z" end-time="2026-09-09 12:36:44Z" duration="0.078014" asserts="0">
                <properties>
                  <property name="retryIteration" value="0" />
                  <property name="repeatIteration" value="0" />
                </properties>
                <output><![CDATA[Shipped box 3: five seconds at rest, peak speed 0.000000 m/s, height range 0.0000000 m, contact load 1.08868–1.08868 N, recurrent impacts 0.
]]></output>
              </test-case>
              <test-case id="1397" name="ShippedSteelBall_SettlesAtRestWithoutRecurringBouncesOrPulsingLoad(4)" fullname="GravityBox.Tests.SteelBallPhysicsTests.ShippedSteelBall_SettlesAtRestWithoutRecurringBouncesOrPulsingLoad(4)" methodname="ShippedSteelBall_SettlesAtRestWithoutRecurringBouncesOrPulsingLoad" classname="GravityBox.Tests.SteelBallPhysicsTests" runstate="Runnable" seed="1435672174" result="Passed" start-time="2026-09-09 12:36:44Z" end-time="2026-09-09 12:36:44Z" duration="0.079713" asserts="0">
                <properties>
                  <property name="retryIteration" value="0" />
                  <property name="repeatIteration" value="0" />
                </properties>
                <output><![CDATA[Shipped box 4: five seconds at rest, peak speed 0.000000 m/s, height range 0.0000000 m, contact load 1.08868–1.08868 N, recurrent impacts 0.
]]></output>
              </test-case>
              <test-case id="1398" name="ShippedSteelBall_SettlesAtRestWithoutRecurringBouncesOrPulsingLoad(5)" fullname="GravityBox.Tests.SteelBallPhysicsTests.ShippedSteelBall_SettlesAtRestWithoutRecurringBouncesOrPulsingLoad(5)" methodname="ShippedSteelBall_SettlesAtRestWithoutRecurringBouncesOrPulsingLoad" classname="GravityBox.Tests.SteelBallPhysicsTests" runstate="Runnable" seed="416309255" result="Passed" start-time="2026-09-09 12:36:44Z" end-time="2026-09-09 12:36:44Z" duration="0.080426" asserts="0">
                <properties>
                  <property name="retryIteration" value="0" />
                  <property name="repeatIteration" value="0" />
                </properties>
                <output><![CDATA[Shipped box 5: five seconds at rest, peak speed 0.000002 m/s, height range 0.0000000 m, contact load 1.08868–1.08868 N, recurrent impacts 0.
]]></output>
              </test-case>
              <test-case id="1399" name="ShippedSteelBall_SettlesAtRestWithoutRecurringBouncesOrPulsingLoad(6)" fullname="GravityBox.Tests.SteelBallPhysicsTests.ShippedSteelBall_SettlesAtRestWithoutRecurringBouncesOrPulsingLoad(6)" methodname="ShippedSteelBall_SettlesAtRestWithoutRecurringBouncesOrPulsingLoad" classname="GravityBox.Tests.SteelBallPhysicsTests" runstate="Runnable" seed="951255414" result="Passed" start-time="2026-09-09 12:36:44Z" end-time="2026-09-09 12:36:44Z" duration="0.079948" asserts="0">
                <properties>
                  <property name="retryIteration" value="0" />
                  <property name="repeatIteration" value="0" />
                </properties>
                <output><![CDATA[Shipped box 6: five seconds at rest, peak speed 0.000000 m/s, height range 0.0000000 m, contact load 1.08868–1.08868 N, recurrent impacts 0.
]]></output>
              </test-case>
              <test-case id="1400" name="ShippedSteelBall_SettlesAtRestWithoutRecurringBouncesOrPulsingLoad(7)" fullname="GravityBox.Tests.SteelBallPhysicsTests.ShippedSteelBall_SettlesAtRestWithoutRecurringBouncesOrPulsingLoad(7)" methodname="ShippedSteelBall_SettlesAtRestWithoutRecurringBouncesOrPulsingLoad" classname="GravityBox.Tests.SteelBallPhysicsTests" runstate="Runnable" seed="1319730771" result="Passed" start-time="2026-09-09 12:36:44Z" end-time="2026-09-09 12:36:44Z" duration="0.079695" asserts="0">
                <properties>
                  <property name="retryIteration" value="0" />
                  <property name="repeatIteration" value="0" />
                </properties>
                <output><![CDATA[Shipped box 7: five seconds at rest, peak speed 0.000000 m/s, height range 0.0000000 m, contact load 1.08868–1.08868 N, recurrent impacts 0.
]]></output>
              </test-case>
              <test-case id="1401" name="ShippedSteelBall_SettlesAtRestWithoutRecurringBouncesOrPulsingLoad(8)" fullname="GravityBox.Tests.SteelBallPhysicsTests.ShippedSteelBall_SettlesAtRestWithoutRecurringBouncesOrPulsingLoad(8)" methodname="ShippedSteelBall_SettlesAtRestWithoutRecurringBouncesOrPulsingLoad" classname="GravityBox.Tests.SteelBallPhysicsTests" runstate="Runnable" seed="1193396790" result="Passed" start-time="2026-09-09 12:36:44Z" end-time="2026-09-09 12:36:44Z" duration="0.080982" asserts="0">
                <properties>
                  <property name="retryIteration" value="0" />
                  <property name="repeatIteration" value="0" />
                </properties>
                <output><![CDATA[Shipped box 8: five seconds at rest, peak speed 0.000000 m/s, height range 0.0000000 m, contact load 1.08868–1.08868 N, recurrent impacts 0.
]]></output>
              </test-case>
              <test-case id="1402" name="ShippedSteelBall_SettlesAtRestWithoutRecurringBouncesOrPulsingLoad(9)" fullname="GravityBox.Tests.SteelBallPhysicsTests.ShippedSteelBall_SettlesAtRestWithoutRecurringBouncesOrPulsingLoad(9)" methodname="ShippedSteelBall_SettlesAtRestWithoutRecurringBouncesOrPulsingLoad" classname="GravityBox.Tests.SteelBallPhysicsTests" runstate="Runnable" seed="1014552912" result="Passed" start-time="2026-09-09 12:36:44Z" end-time="2026-09-09 12:36:44Z" duration="0.088486" asserts="0">
                <properties>
                  <property name="retryIteration" value="0" />
                  <property name="repeatIteration" value="0" />
                </properties>
                <output><![CDATA[Shipped box 9: five seconds at rest, peak speed 0.000000 m/s, height range 0.0000000 m, contact load 1.08868–1.08868 N, recurrent impacts 0.
]]></output>
              </test-case>
              <test-case id="1403" name="ShippedSteelBall_SettlesAtRestWithoutRecurringBouncesOrPulsingLoad(10)" fullname="GravityBox.Tests.SteelBallPhysicsTests.ShippedSteelBall_SettlesAtRestWithoutRecurringBouncesOrPulsingLoad(10)" methodname="ShippedSteelBall_SettlesAtRestWithoutRecurringBouncesOrPulsingLoad" classname="GravityBox.Tests.SteelBallPhysicsTests" runstate="Runnable" seed="1031776312" result="Passed" start-time="2026-09-09 12:36:44Z" end-time="2026-09-09 12:36:44Z" duration="0.080806" asserts="0">
                <properties>
                  <property name="retryIteration" value="0" />
                  <property name="repeatIteration" value="0" />
                </properties>
                <output><![CDATA[Shipped box 10: five seconds at rest, peak speed 0.000000 m/s, height range 0.0000000 m, contact load 1.08868–1.08868 N, recurrent impacts 0.
]]></output>
              </test-case>
              <test-case id="1404" name="ShippedSteelBall_SettlesAtRestWithoutRecurringBouncesOrPulsingLoad(11)" fullname="GravityBox.Tests.SteelBallPhysicsTests.ShippedSteelBall_SettlesAtRestWithoutRecurringBouncesOrPulsingLoad(11)" methodname="ShippedSteelBall_SettlesAtRestWithoutRecurringBouncesOrPulsingLoad" classname="GravityBox.Tests.SteelBallPhysicsTests" runstate="Runnable" seed="2068218072" result="Passed" start-time="2026-09-09 12:36:44Z" end-time="2026-09-09 12:36:44Z" duration="0.084030" asserts="0">
                <properties>
                  <property name="retryIteration" value="0" />
                  <property name="repeatIteration" value="0" />
                </properties>
                <output><![CDATA[Shipped box 11: five seconds at rest, peak speed 0.000000 m/s, height range 0.0000000 m, contact load 1.08868–1.08868 N, recurrent impacts 0.
]]></output>
              </test-case>
            </test-suite>
            <test-suite type="ParameterizedMethod" id="1409" name="ShippedSteelMaterial_PreservesMeaningfulCubeReboundsAboveRestTolerance" fullname="GravityBox.Tests.SteelBallPhysicsTests.ShippedSteelMaterial_PreservesMeaningfulCubeReboundsAboveRestTolerance" classname="GravityBox.Tests.SteelBallPhysicsTests" runstate="Runnable" testcasecount="3" result="Passed" start-time="2026-09-09 12:36:44Z" end-time="2026-09-09 12:36:44Z" duration="0.008301" total="3" passed="3" failed="0" inconclusive="0" skipped="0" asserts="0">
              <properties />
              <test-case id="1406" name="ShippedSteelMaterial_PreservesMeaningfulCubeReboundsAboveRestTolerance(0.35f)" fullname="GravityBox.Tests.SteelBallPhysicsTests.ShippedSteelMaterial_PreservesMeaningfulCubeReboundsAboveRestTolerance(0.35f)" methodname="ShippedSteelMaterial_PreservesMeaningfulCubeReboundsAboveRestTolerance" classname="GravityBox.Tests.SteelBallPhysicsTests" runstate="Runnable" seed="819784633" result="Passed" start-time="2026-09-09 12:36:44Z" end-time="2026-09-09 12:36:44Z" duration="0.004684" asserts="0">
                <properties>
                  <property name="retryIteration" value="0" />
                  <property name="repeatIteration" value="0" />
                </properties>
                <output><![CDATA[Shipped cube collision at 0.35 m/s: rebound -0.13300 m/s, restitution 0.3800.
]]></output>
              </test-case>
              <test-case id="1407" name="ShippedSteelMaterial_PreservesMeaningfulCubeReboundsAboveRestTolerance(1.0f)" fullname="GravityBox.Tests.SteelBallPhysicsTests.ShippedSteelMaterial_PreservesMeaningfulCubeReboundsAboveRestTolerance(1.0f)" methodname="ShippedSteelMaterial_PreservesMeaningfulCubeReboundsAboveRestTolerance" classname="GravityBox.Tests.SteelBallPhysicsTests" runstate="Runnable" seed="366126594" result="Passed" start-time="2026-09-09 12:36:44Z" end-time="2026-09-09 12:36:44Z" duration="0.001749" asserts="0">
                <properties>
                  <property name="retryIteration" value="0" />
                  <property name="repeatIteration" value="0" />
                </properties>
                <output><![CDATA[Shipped cube collision at 1.00 m/s: rebound -0.38000 m/s, restitution 0.3800.
]]></output>
              </test-case>
              <test-case id="1408" name="ShippedSteelMaterial_PreservesMeaningfulCubeReboundsAboveRestTolerance(3.0f)" fullname="GravityBox.Tests.SteelBallPhysicsTests.ShippedSteelMaterial_PreservesMeaningfulCubeReboundsAboveRestTolerance(3.0f)" methodname="ShippedSteelMaterial_PreservesMeaningfulCubeReboundsAboveRestTolerance" classname="GravityBox.Tests.SteelBallPhysicsTests" runstate="Runnable" seed="902289771" result="Passed" start-time="2026-09-09 12:36:44Z" end-time="2026-09-09 12:36:44Z" duration="0.001321" asserts="0">
                <properties>
                  <property name="retryIteration" value="0" />
                  <property name="repeatIteration" value="0" />
                </properties>
                <output><![CDATA[Shipped cube collision at 3.00 m/s: rebound -1.14000 m/s, restitution 0.3800.
]]></output>
              </test-case>
            </test-suite>
            <test-case id="1382" name="SolidSteelSphere_HasDensityDerivedMassInertiaAndSufficientSpinLimit" fullname="GravityBox.Tests.SteelBallPhysicsTests.SolidSteelSphere_HasDensityDerivedMassInertiaAndSufficientSpinLimit" methodname="SolidSteelSphere_HasDensityDerivedMassInertiaAndSufficientSpinLimit" classname="GravityBox.Tests.SteelBallPhysicsTests" runstate="Runnable" seed="2136542618" result="Passed" start-time="2026-09-09 12:36:44Z" end-time="2026-09-09 12:36:44Z" duration="0.000840" asserts="0">
              <properties>
                <property name="retryIteration" value="0" />
                <property name="repeatIteration" value="0" />
              </properties>
            </test-case>
            <test-suite type="ParameterizedMethod" id="1388" name="SteelSphere_StrikesFixedCubeReboundsAndLosesEnergyWithoutTunnelling" fullname="GravityBox.Tests.SteelBallPhysicsTests.SteelSphere_StrikesFixedCubeReboundsAndLosesEnergyWithoutTunnelling" classname="GravityBox.Tests.SteelBallPhysicsTests" runstate="Runnable" testcasecount="2" result="Passed" start-time="2026-09-09 12:36:44Z" end-time="2026-09-09 12:36:44Z" duration="0.003852" total="2" passed="2" failed="0" inconclusive="0" skipped="0" asserts="0">
              <properties />
              <test-case id="1386" name="SteelSphere_StrikesFixedCubeReboundsAndLosesEnergyWithoutTunnelling(1.0f)" fullname="GravityBox.Tests.SteelBallPhysicsTests.SteelSphere_StrikesFixedCubeReboundsAndLosesEnergyWithoutTunnelling(1.0f)" methodname="SteelSphere_StrikesFixedCubeReboundsAndLosesEnergyWithoutTunnelling" classname="GravityBox.Tests.SteelBallPhysicsTests" runstate="Runnable" seed="149395604" result="Passed" start-time="2026-09-09 12:36:44Z" end-time="2026-09-09 12:36:44Z" duration="0.002117" asserts="0">
                <properties>
                  <property name="retryIteration" value="0" />
                  <property name="repeatIteration" value="0" />
                </properties>
              </test-case>
              <test-case id="1387" name="SteelSphere_StrikesFixedCubeReboundsAndLosesEnergyWithoutTunnelling(3.0f)" fullname="GravityBox.Tests.SteelBallPhysicsTests.SteelSphere_StrikesFixedCubeReboundsAndLosesEnergyWithoutTunnelling(3.0f)" methodname="SteelSphere_StrikesFixedCubeReboundsAndLosesEnergyWithoutTunnelling" classname="GravityBox.Tests.SteelBallPhysicsTests" runstate="Runnable" seed="1746412934" result="Passed" start-time="2026-09-09 12:36:44Z" end-time="2026-09-09 12:36:44Z" duration="0.000886" asserts="0">
                <properties>
                  <property name="retryIteration" value="0" />
                  <property name="repeatIteration" value="0" />
                </properties>
              </test-case>
            </test-suite>
            <test-case id="1384" name="TenDegreeIncline_RollsWithSolidSphereAccelerationAndNoSlip" fullname="GravityBox.Tests.SteelBallPhysicsTests.TenDegreeIncline_RollsWithSolidSphereAccelerationAndNoSlip" methodname="TenDegreeIncline_RollsWithSolidSphereAccelerationAndNoSlip" classname="GravityBox.Tests.SteelBallPhysicsTests" runstate="Runnable" seed="1148000480" result="Passed" start-time="2026-09-09 12:36:44Z" end-time="2026-09-09 12:36:44Z" duration="0.004592" asserts="0">
              <properties>
                <property name="retryIteration" value="0" />
                <property name="repeatIteration" value="0" />
              </properties>
              <output><![CDATA[Saving results to: /Users/mrk/Library/Application Support/Gravity Box Lab/Gravity Box/TestResults.xml
]]></output>
            </test-case>
          </test-suite>
        </test-suite>
      </test-suite>
    </test-suite>
  </test-suite>
</test-run>
